#-----------------------------------------------------------
# Vivado v2024.2 (64-bit)
# SW Build 5239630 on Fri Nov 08 22:34:34 MST 2024
# IP Build 5239520 on Sun Nov 10 16:12:51 MST 2024
# SharedData Build 5239561 on Fri Nov 08 14:39:27 MST 2024
# Start of session at: Sun Feb 23 01:31:48 2025
# Process ID         : 29951
# Current directory  : /home/morten/dev/risc-v-cpu/build
# Command line       : vivado -mode batch -source build.tcl -log logs/build.log -journal logs/build.jou
# Log file           : /home/morten/dev/risc-v-cpu/build/logs/build.log
# Journal file       : /home/morten/dev/risc-v-cpu/build/logs/build.jou
# Running On         : laptop
# Platform           : Ubuntu
# Operating System   : Ubuntu 22.04.5 LTS
# Processor Detail   : AMD Ryzen 7 7840HS w/ Radeon 780M Graphics
# CPU Frequency      : 1996.365 MHz
# CPU Physical cores : 8
# CPU Logical cores  : 16
# Host memory        : 15903 MB
# Swap memory        : 8191 MB
# Total Virtual      : 24095 MB
# Available Virtual  : 19878 MB
#-----------------------------------------------------------
source build.tcl
# set design_name "top"
# set board_name "ArtyA7"
# set fpga_part "xc7a100tcsg324-1"
# set src_dir [file normalize "./../src"]
# set origin_dir [file normalize "./../"]
# file mkdir logs
# read_verilog -sv "${src_dir}/if_stage.sv"
# read_verilog -sv "${src_dir}/IF_ID_Reg.sv"
# read_verilog -sv "${src_dir}/controller.sv"
# read_verilog -sv "${src_dir}/immediate_generator.sv"
# read_verilog -sv "${src_dir}/register_file.sv"
# read_verilog -sv "${src_dir}/id_stage.sv"
# read_verilog -sv "${src_dir}/ID_EX_Reg.sv"
# read_verilog -sv "${src_dir}/alu_controller.sv"
# read_verilog -sv "${src_dir}/alu.sv"
# read_verilog -sv "${src_dir}/forwarding_unit.sv"
# read_verilog -sv "${src_dir}/ex_stage.sv"
# read_verilog -sv "${src_dir}/EX_MEM_Reg.sv"
# read_verilog -sv "${src_dir}/load_store_stage.sv"
# read_verilog -sv "${src_dir}/MEM_WB_Reg.sv"
# read_verilog -sv "${src_dir}/wb_stage.sv"
# read_verilog -sv "${src_dir}/hazard_unit.sv"
# read_verilog -sv "${src_dir}/i_mem.sv"
# read_verilog -sv "${src_dir}/d_mem.sv"
# read_verilog -sv "${src_dir}/core.sv"
# read_verilog -sv "${src_dir}/spi_slave.sv"
# read_verilog -sv "${src_dir}/spi_master.sv"
# read_verilog -sv "${src_dir}/spi_io.sv"
# read_verilog -sv "${src_dir}/spi_program_loader.sv"
# add_files "${origin_dir}/programs/program.hex"
# read_verilog -sv "${src_dir}/${design_name}.sv"
# read_xdc "${origin_dir}/constraints/${board_name}.xdc"
# synth_design -top "${design_name}" -part ${fpga_part}
Command: synth_design -top top -part xc7a100tcsg324-1
Starting synth_design
Attempting to get a license for feature 'Synthesis' and/or device 'xc7a100t'
INFO: [Common 17-349] Got license for feature 'Synthesis' and/or device 'xc7a100t'
INFO: [Device 21-403] Loading part xc7a100tcsg324-1
INFO: [Synth 8-7079] Multithreading enabled for synth_design using a maximum of 7 processes.
INFO: [Synth 8-7078] Launching helper process for spawning children vivado processes
INFO: [Synth 8-7075] Helper process launched with PID 29965
---------------------------------------------------------------------------------
Starting RTL Elaboration : Time (s): cpu = 00:00:02 ; elapsed = 00:00:02 . Memory (MB): peak = 1907.469 ; gain = 418.742 ; free physical = 4966 ; free virtual = 17832
---------------------------------------------------------------------------------
INFO: [Synth 8-6157] synthesizing module 'top' [/home/morten/dev/risc-v-cpu/src/top.sv:3]
INFO: [Synth 8-6157] synthesizing module 'spi_program_loader' [/home/morten/dev/risc-v-cpu/src/spi_program_loader.sv:3]
INFO: [Synth 8-6157] synthesizing module 'spi_slave' [/home/morten/dev/risc-v-cpu/src/spi_slave.sv:12]
INFO: [Synth 8-6155] done synthesizing module 'spi_slave' (0#1) [/home/morten/dev/risc-v-cpu/src/spi_slave.sv:12]
INFO: [Synth 8-6155] done synthesizing module 'spi_program_loader' (0#1) [/home/morten/dev/risc-v-cpu/src/spi_program_loader.sv:3]
INFO: [Synth 8-6157] synthesizing module 'i_mem' [/home/morten/dev/risc-v-cpu/src/i_mem.sv:4]
	Parameter MEMORY_SIZE bound to: 32'b00000000000000000000001000000000 
	Parameter PROGRAM_PATH bound to: ../programs/program.hex - type: string 
INFO: [Synth 8-3876] $readmem data file '../programs/program.hex' is read successfully [/home/morten/dev/risc-v-cpu/src/i_mem.sv:21]
INFO: [Synth 8-6155] done synthesizing module 'i_mem' (0#1) [/home/morten/dev/risc-v-cpu/src/i_mem.sv:4]
INFO: [Synth 8-6157] synthesizing module 'd_mem' [/home/morten/dev/risc-v-cpu/src/d_mem.sv:5]
	Parameter MEMORY_SIZE bound to: 32'b00000000000000000000001000000000 
INFO: [Synth 8-6155] done synthesizing module 'd_mem' (0#1) [/home/morten/dev/risc-v-cpu/src/d_mem.sv:5]
INFO: [Synth 8-6157] synthesizing module 'spi_io' [/home/morten/dev/risc-v-cpu/src/spi_io.sv:21]
	Parameter CLKS_PER_HALF_BIT bound to: 32'b00000000000000000000000000000101 
	Parameter SPI_IO_ADDR bound to: -2147483648 - type: integer 
INFO: [Synth 8-6157] synthesizing module 'spi_master' [/home/morten/dev/risc-v-cpu/src/spi_master.sv:37]
	Parameter SPI_MODE bound to: 32'b00000000000000000000000000000000 
	Parameter CLKS_PER_HALF_BIT bound to: 32'b00000000000000000000000000000101 
	Parameter MAX_BYTES_PER_CS bound to: 32'b00000000000000000000000000000100 
	Parameter CS_INACTIVE_CLKS bound to: 32'b00000000000000000000000000000001 
INFO: [Synth 8-6157] synthesizing module 'spi_master_driver' [/home/morten/dev/risc-v-cpu/src/spi_master.sv:181]
	Parameter SPI_MODE bound to: 32'b00000000000000000000000000000000 
	Parameter CLKS_PER_HALF_BIT bound to: 32'b00000000000000000000000000000101 
INFO: [Synth 8-6155] done synthesizing module 'spi_master_driver' (0#1) [/home/morten/dev/risc-v-cpu/src/spi_master.sv:181]
INFO: [Synth 8-6155] done synthesizing module 'spi_master' (0#1) [/home/morten/dev/risc-v-cpu/src/spi_master.sv:37]
INFO: [Synth 8-6155] done synthesizing module 'spi_io' (0#1) [/home/morten/dev/risc-v-cpu/src/spi_io.sv:21]
INFO: [Synth 8-6157] synthesizing module 'core' [/home/morten/dev/risc-v-cpu/src/core.sv:4]
INFO: [Synth 8-6157] synthesizing module 'if_stage' [/home/morten/dev/risc-v-cpu/src/if_stage.sv:36]
INFO: [Synth 8-6155] done synthesizing module 'if_stage' (0#1) [/home/morten/dev/risc-v-cpu/src/if_stage.sv:36]
INFO: [Synth 8-6157] synthesizing module 'IF_ID_Reg' [/home/morten/dev/risc-v-cpu/src/IF_ID_Reg.sv:3]
INFO: [Synth 8-6155] done synthesizing module 'IF_ID_Reg' (0#1) [/home/morten/dev/risc-v-cpu/src/IF_ID_Reg.sv:3]
INFO: [Synth 8-6157] synthesizing module 'id_stage' [/home/morten/dev/risc-v-cpu/src/id_stage.sv:3]
INFO: [Synth 8-6157] synthesizing module 'register_file' [/home/morten/dev/risc-v-cpu/src/register_file.sv:3]
INFO: [Synth 8-6155] done synthesizing module 'register_file' (0#1) [/home/morten/dev/risc-v-cpu/src/register_file.sv:3]
INFO: [Synth 8-6157] synthesizing module 'immediate_generator' [/home/morten/dev/risc-v-cpu/src/immediate_generator.sv:3]
INFO: [Synth 8-6155] done synthesizing module 'immediate_generator' (0#1) [/home/morten/dev/risc-v-cpu/src/immediate_generator.sv:3]
INFO: [Synth 8-6157] synthesizing module 'controller' [/home/morten/dev/risc-v-cpu/src/controller.sv:3]
INFO: [Synth 8-6155] done synthesizing module 'controller' (0#1) [/home/morten/dev/risc-v-cpu/src/controller.sv:3]
INFO: [Synth 8-6155] done synthesizing module 'id_stage' (0#1) [/home/morten/dev/risc-v-cpu/src/id_stage.sv:3]
INFO: [Synth 8-6157] synthesizing module 'ID_EX_Reg' [/home/morten/dev/risc-v-cpu/src/ID_EX_Reg.sv:3]
INFO: [Synth 8-6155] done synthesizing module 'ID_EX_Reg' (0#1) [/home/morten/dev/risc-v-cpu/src/ID_EX_Reg.sv:3]
INFO: [Synth 8-6157] synthesizing module 'ex_stage' [/home/morten/dev/risc-v-cpu/src/ex_stage.sv:3]
INFO: [Synth 8-6157] synthesizing module 'alu_controller' [/home/morten/dev/risc-v-cpu/src/alu_controller.sv:3]
INFO: [Synth 8-226] default block is never used [/home/morten/dev/risc-v-cpu/src/alu_controller.sv:48]
INFO: [Synth 8-226] default block is never used [/home/morten/dev/risc-v-cpu/src/alu_controller.sv:67]
INFO: [Synth 8-226] default block is never used [/home/morten/dev/risc-v-cpu/src/alu_controller.sv:97]
INFO: [Synth 8-6155] done synthesizing module 'alu_controller' (0#1) [/home/morten/dev/risc-v-cpu/src/alu_controller.sv:3]
INFO: [Synth 8-6157] synthesizing module 'forwarding_unit' [/home/morten/dev/risc-v-cpu/src/forwarding_unit.sv:3]
INFO: [Synth 8-6155] done synthesizing module 'forwarding_unit' (0#1) [/home/morten/dev/risc-v-cpu/src/forwarding_unit.sv:3]
INFO: [Synth 8-6157] synthesizing module 'alu' [/home/morten/dev/risc-v-cpu/src/alu.sv:3]
INFO: [Synth 8-6155] done synthesizing module 'alu' (0#1) [/home/morten/dev/risc-v-cpu/src/alu.sv:3]
INFO: [Synth 8-6155] done synthesizing module 'ex_stage' (0#1) [/home/morten/dev/risc-v-cpu/src/ex_stage.sv:3]
INFO: [Synth 8-6157] synthesizing module 'EX_MEM_Reg' [/home/morten/dev/risc-v-cpu/src/EX_MEM_Reg.sv:3]
INFO: [Synth 8-6155] done synthesizing module 'EX_MEM_Reg' (0#1) [/home/morten/dev/risc-v-cpu/src/EX_MEM_Reg.sv:3]
INFO: [Synth 8-6157] synthesizing module 'load_store_stage' [/home/morten/dev/risc-v-cpu/src/load_store_stage.sv:3]
INFO: [Synth 8-6155] done synthesizing module 'load_store_stage' (0#1) [/home/morten/dev/risc-v-cpu/src/load_store_stage.sv:3]
INFO: [Synth 8-6157] synthesizing module 'MEM_WB_Reg' [/home/morten/dev/risc-v-cpu/src/MEM_WB_Reg.sv:3]
INFO: [Synth 8-6155] done synthesizing module 'MEM_WB_Reg' (0#1) [/home/morten/dev/risc-v-cpu/src/MEM_WB_Reg.sv:3]
INFO: [Synth 8-6157] synthesizing module 'wb_stage' [/home/morten/dev/risc-v-cpu/src/wb_stage.sv:3]
INFO: [Synth 8-6155] done synthesizing module 'wb_stage' (0#1) [/home/morten/dev/risc-v-cpu/src/wb_stage.sv:3]
INFO: [Synth 8-6157] synthesizing module 'hazard_unit' [/home/morten/dev/risc-v-cpu/src/hazard_unit.sv:3]
INFO: [Synth 8-6155] done synthesizing module 'hazard_unit' (0#1) [/home/morten/dev/risc-v-cpu/src/hazard_unit.sv:3]
INFO: [Synth 8-6155] done synthesizing module 'core' (0#1) [/home/morten/dev/risc-v-cpu/src/core.sv:4]
INFO: [Synth 8-6155] done synthesizing module 'top' (0#1) [/home/morten/dev/risc-v-cpu/src/top.sv:3]
WARNING: [Synth 8-7129] Port read_en in module d_mem is either unconnected or has no load
WARNING: [Synth 8-7129] Port mem_loader_write_addr[31] in module i_mem is either unconnected or has no load
WARNING: [Synth 8-7129] Port mem_loader_write_addr[30] in module i_mem is either unconnected or has no load
WARNING: [Synth 8-7129] Port mem_loader_write_addr[29] in module i_mem is either unconnected or has no load
WARNING: [Synth 8-7129] Port mem_loader_write_addr[28] in module i_mem is either unconnected or has no load
WARNING: [Synth 8-7129] Port mem_loader_write_addr[27] in module i_mem is either unconnected or has no load
WARNING: [Synth 8-7129] Port mem_loader_write_addr[26] in module i_mem is either unconnected or has no load
WARNING: [Synth 8-7129] Port mem_loader_write_addr[25] in module i_mem is either unconnected or has no load
WARNING: [Synth 8-7129] Port mem_loader_write_addr[24] in module i_mem is either unconnected or has no load
WARNING: [Synth 8-7129] Port mem_loader_write_addr[23] in module i_mem is either unconnected or has no load
WARNING: [Synth 8-7129] Port mem_loader_write_addr[22] in module i_mem is either unconnected or has no load
WARNING: [Synth 8-7129] Port mem_loader_write_addr[21] in module i_mem is either unconnected or has no load
WARNING: [Synth 8-7129] Port mem_loader_write_addr[20] in module i_mem is either unconnected or has no load
WARNING: [Synth 8-7129] Port mem_loader_write_addr[19] in module i_mem is either unconnected or has no load
WARNING: [Synth 8-7129] Port mem_loader_write_addr[18] in module i_mem is either unconnected or has no load
WARNING: [Synth 8-7129] Port mem_loader_write_addr[17] in module i_mem is either unconnected or has no load
WARNING: [Synth 8-7129] Port mem_loader_write_addr[16] in module i_mem is either unconnected or has no load
WARNING: [Synth 8-7129] Port mem_loader_write_addr[15] in module i_mem is either unconnected or has no load
WARNING: [Synth 8-7129] Port mem_loader_write_addr[14] in module i_mem is either unconnected or has no load
WARNING: [Synth 8-7129] Port mem_loader_write_addr[13] in module i_mem is either unconnected or has no load
WARNING: [Synth 8-7129] Port mem_loader_write_addr[12] in module i_mem is either unconnected or has no load
WARNING: [Synth 8-7129] Port mem_loader_write_addr[11] in module i_mem is either unconnected or has no load
WARNING: [Synth 8-7129] Port mem_loader_write_addr[10] in module i_mem is either unconnected or has no load
WARNING: [Synth 8-7129] Port mem_loader_write_addr[9] in module i_mem is either unconnected or has no load
---------------------------------------------------------------------------------
Finished RTL Elaboration : Time (s): cpu = 00:00:03 ; elapsed = 00:00:03 . Memory (MB): peak = 1989.438 ; gain = 500.711 ; free physical = 4876 ; free virtual = 17743
---------------------------------------------------------------------------------
---------------------------------------------------------------------------------
Start Handling Custom Attributes
---------------------------------------------------------------------------------
---------------------------------------------------------------------------------
Finished Handling Custom Attributes : Time (s): cpu = 00:00:03 ; elapsed = 00:00:03 . Memory (MB): peak = 2007.250 ; gain = 518.523 ; free physical = 4876 ; free virtual = 17743
---------------------------------------------------------------------------------
---------------------------------------------------------------------------------
Finished RTL Optimization Phase 1 : Time (s): cpu = 00:00:03 ; elapsed = 00:00:03 . Memory (MB): peak = 2007.250 ; gain = 518.523 ; free physical = 4876 ; free virtual = 17743
---------------------------------------------------------------------------------
Netlist sorting complete. Time (s): cpu = 00:00:00.02 ; elapsed = 00:00:00.02 . Memory (MB): peak = 2007.250 ; gain = 0.000 ; free physical = 4876 ; free virtual = 17743
INFO: [Project 1-570] Preparing netlist for logic optimization

Processing XDC Constraints
Initializing timing engine
Parsing XDC File [/home/morten/dev/risc-v-cpu/constraints/ArtyA7.xdc]
Finished Parsing XDC File [/home/morten/dev/risc-v-cpu/constraints/ArtyA7.xdc]
INFO: [Project 1-236] Implementation specific constraints were found while reading constraint file [/home/morten/dev/risc-v-cpu/constraints/ArtyA7.xdc]. These constraints will be ignored for synthesis but will be used in implementation. Impacted constraints are listed in the file [.Xil/top_propImpl.xdc].
Resolution: To avoid this warning, move constraints listed in [.Xil/top_propImpl.xdc] to another XDC file and exclude this new file from synthesis with the used_in_synthesis property (File Properties dialog in GUI) and re-run elaboration/synthesis.
Completed Processing XDC Constraints

Netlist sorting complete. Time (s): cpu = 00:00:00 ; elapsed = 00:00:00 . Memory (MB): peak = 2156.000 ; gain = 0.000 ; free physical = 4862 ; free virtual = 17729
INFO: [Project 1-111] Unisim Transformation Summary:
No Unisim elements were transformed.

Constraint Validation Runtime : Time (s): cpu = 00:00:00 ; elapsed = 00:00:00 . Memory (MB): peak = 2156.000 ; gain = 0.000 ; free physical = 4862 ; free virtual = 17729
---------------------------------------------------------------------------------
Finished Constraint Validation : Time (s): cpu = 00:00:07 ; elapsed = 00:00:07 . Memory (MB): peak = 2156.000 ; gain = 667.273 ; free physical = 4879 ; free virtual = 17747
---------------------------------------------------------------------------------
---------------------------------------------------------------------------------
Start Loading Part and Timing Information
---------------------------------------------------------------------------------
Loading part: xc7a100tcsg324-1
---------------------------------------------------------------------------------
Finished Loading Part and Timing Information : Time (s): cpu = 00:00:07 ; elapsed = 00:00:07 . Memory (MB): peak = 2164.004 ; gain = 675.277 ; free physical = 4879 ; free virtual = 17746
---------------------------------------------------------------------------------
---------------------------------------------------------------------------------
Start Applying 'set_property' XDC Constraints
---------------------------------------------------------------------------------
---------------------------------------------------------------------------------
Finished applying 'set_property' XDC Constraints : Time (s): cpu = 00:00:07 ; elapsed = 00:00:07 . Memory (MB): peak = 2164.004 ; gain = 675.277 ; free physical = 4879 ; free virtual = 17746
---------------------------------------------------------------------------------
WARNING: [Synth 8-3936] Found unconnected internal register 'r_Intermediate_RX_Byte_reg' and it is trimmed from '8' to '7' bits. [/home/morten/dev/risc-v-cpu/src/spi_slave.sv:42]
INFO: [Synth 8-802] inferred FSM for state register 'r_SM_CS_reg' in module 'spi_master'
INFO: [Synth 8-802] inferred FSM for state register 'current_state_reg' in module 'spi_io'
---------------------------------------------------------------------------------------------------
                   State |                     New Encoding |                Previous Encoding 
---------------------------------------------------------------------------------------------------
                    IDLE |                              001 |                               00
                TRANSFER |                              010 |                               01
              CSInactive |                              100 |                               10
---------------------------------------------------------------------------------------------------
INFO: [Synth 8-3354] encoded FSM with state register 'r_SM_CS_reg' using encoding 'one-hot' in module 'spi_master'
---------------------------------------------------------------------------------------------------
                   State |                     New Encoding |                Previous Encoding 
---------------------------------------------------------------------------------------------------
                    IDLE |                              001 |                              000
                 WRITING |                              010 |                              001
                    DONE |                              100 |                              010
---------------------------------------------------------------------------------------------------
INFO: [Synth 8-3354] encoded FSM with state register 'current_state_reg' using encoding 'one-hot' in module 'spi_io'
---------------------------------------------------------------------------------
Finished RTL Optimization Phase 2 : Time (s): cpu = 00:00:07 ; elapsed = 00:00:07 . Memory (MB): peak = 2164.004 ; gain = 675.277 ; free physical = 4878 ; free virtual = 17747
---------------------------------------------------------------------------------
---------------------------------------------------------------------------------
Start RTL Component Statistics 
---------------------------------------------------------------------------------
Detailed RTL Component Info : 
+---Adders : 
	   2 Input   32 Bit       Adders := 3     
	   3 Input   32 Bit       Adders := 1     
	   2 Input    9 Bit       Adders := 3     
	   2 Input    5 Bit       Adders := 1     
	   2 Input    4 Bit       Adders := 1     
	   2 Input    3 Bit       Adders := 5     
	   2 Input    2 Bit       Adders := 3     
+---XORs : 
	   2 Input     32 Bit         XORs := 1     
+---Registers : 
	               32 Bit    Registers := 53    
	                8 Bit    Registers := 10    
	                7 Bit    Registers := 2     
	                5 Bit    Registers := 6     
	                4 Bit    Registers := 3     
	                3 Bit    Registers := 6     
	                2 Bit    Registers := 9     
	                1 Bit    Registers := 28    
+---RAMs : 
	               4K Bit	(128 X 32 bit)          RAMs := 1     
+---Muxes : 
	   2 Input   32 Bit        Muxes := 22    
	   3 Input   32 Bit        Muxes := 1     
	   4 Input   32 Bit        Muxes := 4     
	   2 Input    8 Bit        Muxes := 4     
	  32 Input    8 Bit        Muxes := 2     
	   4 Input    8 Bit        Muxes := 1     
	   3 Input    8 Bit        Muxes := 1     
	   2 Input    5 Bit        Muxes := 2     
	   2 Input    4 Bit        Muxes := 2     
	   3 Input    4 Bit        Muxes := 2     
	   6 Input    4 Bit        Muxes := 1     
	   4 Input    4 Bit        Muxes := 2     
	   8 Input    4 Bit        Muxes := 1     
	   4 Input    3 Bit        Muxes := 1     
	   3 Input    3 Bit        Muxes := 1     
	   5 Input    3 Bit        Muxes := 1     
	  10 Input    3 Bit        Muxes := 1     
	   8 Input    3 Bit        Muxes := 1     
	   3 Input    2 Bit        Muxes := 2     
	   2 Input    2 Bit        Muxes := 2     
	   2 Input    1 Bit        Muxes := 27    
	   3 Input    1 Bit        Muxes := 11    
	   6 Input    1 Bit        Muxes := 1     
	   4 Input    1 Bit        Muxes := 1     
---------------------------------------------------------------------------------
Finished RTL Component Statistics 
---------------------------------------------------------------------------------
---------------------------------------------------------------------------------
Start Part Resource Summary
---------------------------------------------------------------------------------
Part Resources:
DSPs: 240 (col length:80)
BRAMs: 270 (col length: RAMB18 80 RAMB36 40)
---------------------------------------------------------------------------------
Finished Part Resource Summary
---------------------------------------------------------------------------------
---------------------------------------------------------------------------------
Start Cross Boundary and Area Optimization
---------------------------------------------------------------------------------
WARNING: [Synth 8-7080] Parallel synthesis criteria is not met
WARNING: [Synth 8-3917] design top has port mem_loader_MISO driven by constant 0
INFO: [Synth 8-6851] RAM (data_memory_instr/d_mem_reg) has partial Byte Wide Write Enable pattern, however no output register found in fanout of RAM. Recommended to use supported Byte Wide Write Enable template. 
---------------------------------------------------------------------------------
Finished Cross Boundary and Area Optimization : Time (s): cpu = 00:00:13 ; elapsed = 00:00:14 . Memory (MB): peak = 2191.004 ; gain = 702.277 ; free physical = 4856 ; free virtual = 17731
---------------------------------------------------------------------------------
---------------------------------------------------------------------------------
Start ROM, RAM, DSP, Shift Register and Retiming Reporting
---------------------------------------------------------------------------------

Distributed RAM: Preliminary Mapping Report (see note below)
+------------+-------------------------------------+-----------+----------------------+-----------------+
|Module Name | RTL Object                          | Inference | Size (Depth x Width) | Primitives      | 
+------------+-------------------------------------+-----------+----------------------+-----------------+
|top         | data_memory_instr/d_mem_reg         | Implied   | 128 x 32             | RAM128X1S x 32  | 
|top         | instruction_mememory_inst/i_mem_reg | Implied   | 512 x 8              | RAM64M x 96     | 
+------------+-------------------------------------+-----------+----------------------+-----------------+

Note: The table above is a preliminary report that shows the Distributed RAMs at the current stage of the synthesis flow. Some Distributed RAMs may be reimplemented as non Distributed RAM primitives later in the synthesis flow. Multiple instantiated RAMs are reported only once.
---------------------------------------------------------------------------------
Finished ROM, RAM, DSP, Shift Register and Retiming Reporting
---------------------------------------------------------------------------------
---------------------------------------------------------------------------------
Start Applying XDC Timing Constraints
---------------------------------------------------------------------------------
---------------------------------------------------------------------------------
Finished Applying XDC Timing Constraints : Time (s): cpu = 00:00:16 ; elapsed = 00:00:16 . Memory (MB): peak = 2196.004 ; gain = 707.277 ; free physical = 4869 ; free virtual = 17744
---------------------------------------------------------------------------------
---------------------------------------------------------------------------------
Start Timing Optimization
---------------------------------------------------------------------------------
---------------------------------------------------------------------------------
Finished Timing Optimization : Time (s): cpu = 00:00:16 ; elapsed = 00:00:17 . Memory (MB): peak = 2210.020 ; gain = 721.293 ; free physical = 4853 ; free virtual = 17728
---------------------------------------------------------------------------------
---------------------------------------------------------------------------------
Start ROM, RAM, DSP, Shift Register and Retiming Reporting
---------------------------------------------------------------------------------

Distributed RAM: Final Mapping Report
+------------+-------------------------------------+-----------+----------------------+-----------------+
|Module Name | RTL Object                          | Inference | Size (Depth x Width) | Primitives      | 
+------------+-------------------------------------+-----------+----------------------+-----------------+
|top         | data_memory_instr/d_mem_reg         | Implied   | 128 x 32             | RAM128X1S x 32  | 
|top         | instruction_mememory_inst/i_mem_reg | Implied   | 512 x 8              | RAM64M x 96     | 
+------------+-------------------------------------+-----------+----------------------+-----------------+

---------------------------------------------------------------------------------
Finished ROM, RAM, DSP, Shift Register and Retiming Reporting
---------------------------------------------------------------------------------
---------------------------------------------------------------------------------
Start Technology Mapping
---------------------------------------------------------------------------------
Found timing loop:
     0: i_2091/O (LUT2)
      [/home/morten/dev/risc-v-cpu/src/top.sv:3]
     1: i_2091/O (LUT2)
CRITICAL WARNING: [Synth 8-295] found timing loop. [/home/morten/dev/risc-v-cpu/src/top.sv:3]
Found timing loop:
     0: i_2091/O (LUT2)
      [/home/morten/dev/risc-v-cpu/src/top.sv:3]
     1: i_2091/O (LUT2)
CRITICAL WARNING: [Synth 8-295] found timing loop. [/home/morten/dev/risc-v-cpu/src/top.sv:3]
Found timing loop:
     0: i_2090/O (LUT2)
      [/home/morten/dev/risc-v-cpu/src/top.sv:3]
     1: i_2090/O (LUT2)
CRITICAL WARNING: [Synth 8-295] found timing loop. [/home/morten/dev/risc-v-cpu/src/top.sv:3]
Found timing loop:
     0: i_2090/O (LUT2)
      [/home/morten/dev/risc-v-cpu/src/top.sv:3]
     1: i_2090/O (LUT2)
CRITICAL WARNING: [Synth 8-295] found timing loop. [/home/morten/dev/risc-v-cpu/src/top.sv:3]
Found timing loop:
     0: i_2089/O (LUT2)
      [/home/morten/dev/risc-v-cpu/src/top.sv:3]
     1: i_2089/O (LUT2)
CRITICAL WARNING: [Synth 8-295] found timing loop. [/home/morten/dev/risc-v-cpu/src/top.sv:3]
Found timing loop:
     0: i_2089/O (LUT2)
      [/home/morten/dev/risc-v-cpu/src/top.sv:3]
     1: i_2089/O (LUT2)
CRITICAL WARNING: [Synth 8-295] found timing loop. [/home/morten/dev/risc-v-cpu/src/top.sv:3]
Found timing loop:
     0: i_2088/O (LUT2)
      [/home/morten/dev/risc-v-cpu/src/top.sv:3]
     1: i_2088/O (LUT2)
CRITICAL WARNING: [Synth 8-295] found timing loop. [/home/morten/dev/risc-v-cpu/src/top.sv:3]
Found timing loop:
     0: i_2088/O (LUT2)
      [/home/morten/dev/risc-v-cpu/src/top.sv:3]
     1: i_2088/O (LUT2)
CRITICAL WARNING: [Synth 8-295] found timing loop. [/home/morten/dev/risc-v-cpu/src/top.sv:3]
Found timing loop:
     0: i_2087/O (LUT2)
      [/home/morten/dev/risc-v-cpu/src/top.sv:3]
     1: i_2087/O (LUT2)
CRITICAL WARNING: [Synth 8-295] found timing loop. [/home/morten/dev/risc-v-cpu/src/top.sv:3]
Found timing loop:
     0: i_2087/O (LUT2)
      [/home/morten/dev/risc-v-cpu/src/top.sv:3]
     1: i_2087/O (LUT2)
CRITICAL WARNING: [Synth 8-295] found timing loop. [/home/morten/dev/risc-v-cpu/src/top.sv:3]
Found timing loop:
     0: i_2086/O (LUT2)
      [/home/morten/dev/risc-v-cpu/src/top.sv:3]
     1: i_2086/O (LUT2)
CRITICAL WARNING: [Synth 8-295] found timing loop. [/home/morten/dev/risc-v-cpu/src/top.sv:3]
Found timing loop:
     0: i_2086/O (LUT2)
      [/home/morten/dev/risc-v-cpu/src/top.sv:3]
     1: i_2086/O (LUT2)
CRITICAL WARNING: [Synth 8-295] found timing loop. [/home/morten/dev/risc-v-cpu/src/top.sv:3]
Found timing loop:
     0: i_2085/O (LUT2)
      [/home/morten/dev/risc-v-cpu/src/top.sv:3]
     1: i_2085/O (LUT2)
CRITICAL WARNING: [Synth 8-295] found timing loop. [/home/morten/dev/risc-v-cpu/src/top.sv:3]
Found timing loop:
     0: i_2085/O (LUT2)
      [/home/morten/dev/risc-v-cpu/src/top.sv:3]
     1: i_2085/O (LUT2)
CRITICAL WARNING: [Synth 8-295] found timing loop. [/home/morten/dev/risc-v-cpu/src/top.sv:3]
Found timing loop:
     0: i_2084/O (LUT2)
      [/home/morten/dev/risc-v-cpu/src/top.sv:3]
     1: i_2084/O (LUT2)
CRITICAL WARNING: [Synth 8-295] found timing loop. [/home/morten/dev/risc-v-cpu/src/top.sv:3]
Found timing loop:
     0: i_2084/O (LUT2)
      [/home/morten/dev/risc-v-cpu/src/top.sv:3]
     1: i_2084/O (LUT2)
CRITICAL WARNING: [Synth 8-295] found timing loop. [/home/morten/dev/risc-v-cpu/src/top.sv:3]
Found timing loop:
     0: i_2083/O (LUT2)
      [/home/morten/dev/risc-v-cpu/src/top.sv:3]
     1: i_2083/O (LUT2)
CRITICAL WARNING: [Synth 8-295] found timing loop. [/home/morten/dev/risc-v-cpu/src/top.sv:3]
Found timing loop:
     0: i_2083/O (LUT2)
      [/home/morten/dev/risc-v-cpu/src/top.sv:3]
     1: i_2083/O (LUT2)
CRITICAL WARNING: [Synth 8-295] found timing loop. [/home/morten/dev/risc-v-cpu/src/top.sv:3]
Found timing loop:
     0: i_2082/O (LUT2)
      [/home/morten/dev/risc-v-cpu/src/top.sv:3]
     1: i_2082/O (LUT2)
CRITICAL WARNING: [Synth 8-295] found timing loop. [/home/morten/dev/risc-v-cpu/src/top.sv:3]
Found timing loop:
     0: i_2082/O (LUT2)
      [/home/morten/dev/risc-v-cpu/src/top.sv:3]
     1: i_2082/O (LUT2)
CRITICAL WARNING: [Synth 8-295] found timing loop. [/home/morten/dev/risc-v-cpu/src/top.sv:3]
Found timing loop:
     0: i_2081/O (LUT2)
      [/home/morten/dev/risc-v-cpu/src/top.sv:3]
     1: i_2081/O (LUT2)
CRITICAL WARNING: [Synth 8-295] found timing loop. [/home/morten/dev/risc-v-cpu/src/top.sv:3]
Found timing loop:
     0: i_2081/O (LUT2)
      [/home/morten/dev/risc-v-cpu/src/top.sv:3]
     1: i_2081/O (LUT2)
CRITICAL WARNING: [Synth 8-295] found timing loop. [/home/morten/dev/risc-v-cpu/src/top.sv:3]
Found timing loop:
     0: i_2080/O (LUT2)
      [/home/morten/dev/risc-v-cpu/src/top.sv:3]
     1: i_2080/O (LUT2)
CRITICAL WARNING: [Synth 8-295] found timing loop. [/home/morten/dev/risc-v-cpu/src/top.sv:3]
Found timing loop:
     0: i_2080/O (LUT2)
      [/home/morten/dev/risc-v-cpu/src/top.sv:3]
     1: i_2080/O (LUT2)
CRITICAL WARNING: [Synth 8-295] found timing loop. [/home/morten/dev/risc-v-cpu/src/top.sv:3]
Found timing loop:
     0: i_2079/O (LUT2)
      [/home/morten/dev/risc-v-cpu/src/top.sv:3]
     1: i_2079/O (LUT2)
CRITICAL WARNING: [Synth 8-295] found timing loop. [/home/morten/dev/risc-v-cpu/src/top.sv:3]
Found timing loop:
     0: i_2079/O (LUT2)
      [/home/morten/dev/risc-v-cpu/src/top.sv:3]
     1: i_2079/O (LUT2)
CRITICAL WARNING: [Synth 8-295] found timing loop. [/home/morten/dev/risc-v-cpu/src/top.sv:3]
Found timing loop:
     0: i_2078/O (LUT2)
      [/home/morten/dev/risc-v-cpu/src/top.sv:3]
     1: i_2078/O (LUT2)
CRITICAL WARNING: [Synth 8-295] found timing loop. [/home/morten/dev/risc-v-cpu/src/top.sv:3]
Found timing loop:
     0: i_2078/O (LUT2)
      [/home/morten/dev/risc-v-cpu/src/top.sv:3]
     1: i_2078/O (LUT2)
CRITICAL WARNING: [Synth 8-295] found timing loop. [/home/morten/dev/risc-v-cpu/src/top.sv:3]
Found timing loop:
     0: i_2077/O (LUT2)
      [/home/morten/dev/risc-v-cpu/src/top.sv:3]
     1: i_2077/O (LUT2)
CRITICAL WARNING: [Synth 8-295] found timing loop. [/home/morten/dev/risc-v-cpu/src/top.sv:3]
Found timing loop:
     0: i_2077/O (LUT2)
      [/home/morten/dev/risc-v-cpu/src/top.sv:3]
     1: i_2077/O (LUT2)
CRITICAL WARNING: [Synth 8-295] found timing loop. [/home/morten/dev/risc-v-cpu/src/top.sv:3]
Found timing loop:
     0: i_2076/O (LUT2)
      [/home/morten/dev/risc-v-cpu/src/top.sv:3]
     1: i_2076/O (LUT2)
CRITICAL WARNING: [Synth 8-295] found timing loop. [/home/morten/dev/risc-v-cpu/src/top.sv:3]
Found timing loop:
     0: i_2076/O (LUT2)
      [/home/morten/dev/risc-v-cpu/src/top.sv:3]
     1: i_2076/O (LUT2)
CRITICAL WARNING: [Synth 8-295] found timing loop. [/home/morten/dev/risc-v-cpu/src/top.sv:3]
Found timing loop:
     0: i_2075/O (LUT2)
      [/home/morten/dev/risc-v-cpu/src/top.sv:3]
     1: i_2075/O (LUT2)
CRITICAL WARNING: [Synth 8-295] found timing loop. [/home/morten/dev/risc-v-cpu/src/top.sv:3]
Found timing loop:
     0: i_2075/O (LUT2)
      [/home/morten/dev/risc-v-cpu/src/top.sv:3]
     1: i_2075/O (LUT2)
CRITICAL WARNING: [Synth 8-295] found timing loop. [/home/morten/dev/risc-v-cpu/src/top.sv:3]
Found timing loop:
     0: i_2074/O (LUT2)
      [/home/morten/dev/risc-v-cpu/src/top.sv:3]
     1: i_2074/O (LUT2)
CRITICAL WARNING: [Synth 8-295] found timing loop. [/home/morten/dev/risc-v-cpu/src/top.sv:3]
Found timing loop:
     0: i_2074/O (LUT2)
      [/home/morten/dev/risc-v-cpu/src/top.sv:3]
     1: i_2074/O (LUT2)
CRITICAL WARNING: [Synth 8-295] found timing loop. [/home/morten/dev/risc-v-cpu/src/top.sv:3]
Found timing loop:
     0: i_2073/O (LUT2)
      [/home/morten/dev/risc-v-cpu/src/top.sv:3]
     1: i_2073/O (LUT2)
CRITICAL WARNING: [Synth 8-295] found timing loop. [/home/morten/dev/risc-v-cpu/src/top.sv:3]
Found timing loop:
     0: i_2073/O (LUT2)
      [/home/morten/dev/risc-v-cpu/src/top.sv:3]
     1: i_2073/O (LUT2)
CRITICAL WARNING: [Synth 8-295] found timing loop. [/home/morten/dev/risc-v-cpu/src/top.sv:3]
Found timing loop:
     0: i_2072/O (LUT2)
      [/home/morten/dev/risc-v-cpu/src/top.sv:3]
     1: i_2072/O (LUT2)
CRITICAL WARNING: [Synth 8-295] found timing loop. [/home/morten/dev/risc-v-cpu/src/top.sv:3]
Found timing loop:
     0: i_2072/O (LUT2)
      [/home/morten/dev/risc-v-cpu/src/top.sv:3]
     1: i_2072/O (LUT2)
CRITICAL WARNING: [Synth 8-295] found timing loop. [/home/morten/dev/risc-v-cpu/src/top.sv:3]
Found timing loop:
     0: i_2071/O (LUT2)
      [/home/morten/dev/risc-v-cpu/src/top.sv:3]
     1: i_2071/O (LUT2)
CRITICAL WARNING: [Synth 8-295] found timing loop. [/home/morten/dev/risc-v-cpu/src/top.sv:3]
Found timing loop:
     0: i_2071/O (LUT2)
      [/home/morten/dev/risc-v-cpu/src/top.sv:3]
     1: i_2071/O (LUT2)
CRITICAL WARNING: [Synth 8-295] found timing loop. [/home/morten/dev/risc-v-cpu/src/top.sv:3]
Found timing loop:
     0: i_2070/O (LUT2)
      [/home/morten/dev/risc-v-cpu/src/top.sv:3]
     1: i_2070/O (LUT2)
CRITICAL WARNING: [Synth 8-295] found timing loop. [/home/morten/dev/risc-v-cpu/src/top.sv:3]
Found timing loop:
     0: i_2070/O (LUT2)
      [/home/morten/dev/risc-v-cpu/src/top.sv:3]
     1: i_2070/O (LUT2)
CRITICAL WARNING: [Synth 8-295] found timing loop. [/home/morten/dev/risc-v-cpu/src/top.sv:3]
Found timing loop:
     0: i_2069/O (LUT2)
      [/home/morten/dev/risc-v-cpu/src/top.sv:3]
     1: i_2069/O (LUT2)
CRITICAL WARNING: [Synth 8-295] found timing loop. [/home/morten/dev/risc-v-cpu/src/top.sv:3]
Found timing loop:
     0: i_2069/O (LUT2)
      [/home/morten/dev/risc-v-cpu/src/top.sv:3]
     1: i_2069/O (LUT2)
CRITICAL WARNING: [Synth 8-295] found timing loop. [/home/morten/dev/risc-v-cpu/src/top.sv:3]
Found timing loop:
     0: i_2068/O (LUT2)
      [/home/morten/dev/risc-v-cpu/src/top.sv:3]
     1: i_2068/O (LUT2)
CRITICAL WARNING: [Synth 8-295] found timing loop. [/home/morten/dev/risc-v-cpu/src/top.sv:3]
Found timing loop:
     0: i_2068/O (LUT2)
      [/home/morten/dev/risc-v-cpu/src/top.sv:3]
     1: i_2068/O (LUT2)
CRITICAL WARNING: [Synth 8-295] found timing loop. [/home/morten/dev/risc-v-cpu/src/top.sv:3]
Found timing loop:
     0: i_2067/O (LUT2)
      [/home/morten/dev/risc-v-cpu/src/top.sv:3]
     1: i_2067/O (LUT2)
CRITICAL WARNING: [Synth 8-295] found timing loop. [/home/morten/dev/risc-v-cpu/src/top.sv:3]
Found timing loop:
     0: i_2067/O (LUT2)
      [/home/morten/dev/risc-v-cpu/src/top.sv:3]
     1: i_2067/O (LUT2)
CRITICAL WARNING: [Synth 8-295] found timing loop. [/home/morten/dev/risc-v-cpu/src/top.sv:3]
Found timing loop:
     0: i_2066/O (LUT2)
      [/home/morten/dev/risc-v-cpu/src/top.sv:3]
     1: i_2066/O (LUT2)
CRITICAL WARNING: [Synth 8-295] found timing loop. [/home/morten/dev/risc-v-cpu/src/top.sv:3]
Found timing loop:
     0: i_2066/O (LUT2)
      [/home/morten/dev/risc-v-cpu/src/top.sv:3]
     1: i_2066/O (LUT2)
CRITICAL WARNING: [Synth 8-295] found timing loop. [/home/morten/dev/risc-v-cpu/src/top.sv:3]
Found timing loop:
     0: i_2065/O (LUT2)
      [/home/morten/dev/risc-v-cpu/src/top.sv:3]
     1: i_2065/O (LUT2)
CRITICAL WARNING: [Synth 8-295] found timing loop. [/home/morten/dev/risc-v-cpu/src/top.sv:3]
Found timing loop:
     0: i_2065/O (LUT2)
      [/home/morten/dev/risc-v-cpu/src/top.sv:3]
     1: i_2065/O (LUT2)
CRITICAL WARNING: [Synth 8-295] found timing loop. [/home/morten/dev/risc-v-cpu/src/top.sv:3]
Found timing loop:
     0: i_2064/O (LUT2)
      [/home/morten/dev/risc-v-cpu/src/top.sv:3]
     1: i_2064/O (LUT2)
CRITICAL WARNING: [Synth 8-295] found timing loop. [/home/morten/dev/risc-v-cpu/src/top.sv:3]
Found timing loop:
     0: i_2064/O (LUT2)
      [/home/morten/dev/risc-v-cpu/src/top.sv:3]
     1: i_2064/O (LUT2)
CRITICAL WARNING: [Synth 8-295] found timing loop. [/home/morten/dev/risc-v-cpu/src/top.sv:3]
Found timing loop:
     0: i_2063/O (LUT2)
      [/home/morten/dev/risc-v-cpu/src/top.sv:3]
     1: i_2063/O (LUT2)
CRITICAL WARNING: [Synth 8-295] found timing loop. [/home/morten/dev/risc-v-cpu/src/top.sv:3]
Found timing loop:
     0: i_2063/O (LUT2)
      [/home/morten/dev/risc-v-cpu/src/top.sv:3]
     1: i_2063/O (LUT2)
CRITICAL WARNING: [Synth 8-295] found timing loop. [/home/morten/dev/risc-v-cpu/src/top.sv:3]
Found timing loop:
     0: i_2062/O (LUT2)
      [/home/morten/dev/risc-v-cpu/src/top.sv:3]
     1: i_2062/O (LUT2)
CRITICAL WARNING: [Synth 8-295] found timing loop. [/home/morten/dev/risc-v-cpu/src/top.sv:3]
Found timing loop:
     0: i_2062/O (LUT2)
      [/home/morten/dev/risc-v-cpu/src/top.sv:3]
     1: i_2062/O (LUT2)
CRITICAL WARNING: [Synth 8-295] found timing loop. [/home/morten/dev/risc-v-cpu/src/top.sv:3]
Found timing loop:
     0: i_2061/O (LUT2)
      [/home/morten/dev/risc-v-cpu/src/top.sv:3]
     1: i_2061/O (LUT2)
CRITICAL WARNING: [Synth 8-295] found timing loop. [/home/morten/dev/risc-v-cpu/src/top.sv:3]
Found timing loop:
     0: i_2061/O (LUT2)
      [/home/morten/dev/risc-v-cpu/src/top.sv:3]
     1: i_2061/O (LUT2)
CRITICAL WARNING: [Synth 8-295] found timing loop. [/home/morten/dev/risc-v-cpu/src/top.sv:3]
Found timing loop:
     0: i_2060/O (LUT2)
      [/home/morten/dev/risc-v-cpu/src/top.sv:3]
     1: i_2060/O (LUT2)
CRITICAL WARNING: [Synth 8-295] found timing loop. [/home/morten/dev/risc-v-cpu/src/top.sv:3]
Found timing loop:
     0: i_2060/O (LUT2)
      [/home/morten/dev/risc-v-cpu/src/top.sv:3]
     1: i_2060/O (LUT2)
CRITICAL WARNING: [Synth 8-295] found timing loop. [/home/morten/dev/risc-v-cpu/src/top.sv:3]
WARNING: [Synth 8-326] inferred exception to break timing loop: 'set_false_path -through i_1508/O'
WARNING: [Synth 8-326] inferred exception to break timing loop: 'set_false_path -through i_1550/O'
WARNING: [Synth 8-326] inferred exception to break timing loop: 'set_false_path -through i_1509/O'
WARNING: [Synth 8-326] inferred exception to break timing loop: 'set_false_path -through i_1551/O'
WARNING: [Synth 8-326] inferred exception to break timing loop: 'set_false_path -through i_1510/O'
WARNING: [Synth 8-326] inferred exception to break timing loop: 'set_false_path -through i_1552/O'
WARNING: [Synth 8-326] inferred exception to break timing loop: 'set_false_path -through i_1511/O'
WARNING: [Synth 8-326] inferred exception to break timing loop: 'set_false_path -through i_1553/O'
WARNING: [Synth 8-326] inferred exception to break timing loop: 'set_false_path -through i_1512/O'
WARNING: [Synth 8-326] inferred exception to break timing loop: 'set_false_path -through i_1554/O'
WARNING: [Synth 8-326] inferred exception to break timing loop: 'set_false_path -through i_1513/O'
WARNING: [Synth 8-326] inferred exception to break timing loop: 'set_false_path -through i_1555/O'
WARNING: [Synth 8-326] inferred exception to break timing loop: 'set_false_path -through i_1514/O'
WARNING: [Synth 8-326] inferred exception to break timing loop: 'set_false_path -through i_1556/O'
WARNING: [Synth 8-326] inferred exception to break timing loop: 'set_false_path -through i_1515/O'
WARNING: [Synth 8-326] inferred exception to break timing loop: 'set_false_path -through i_1557/O'
WARNING: [Synth 8-326] inferred exception to break timing loop: 'set_false_path -through i_1516/O'
WARNING: [Synth 8-326] inferred exception to break timing loop: 'set_false_path -through i_1558/O'
WARNING: [Synth 8-326] inferred exception to break timing loop: 'set_false_path -through i_1517/O'
WARNING: [Synth 8-326] inferred exception to break timing loop: 'set_false_path -through i_1559/O'
WARNING: [Synth 8-326] inferred exception to break timing loop: 'set_false_path -through i_1518/O'
WARNING: [Synth 8-326] inferred exception to break timing loop: 'set_false_path -through i_1560/O'
WARNING: [Synth 8-326] inferred exception to break timing loop: 'set_false_path -through i_1519/O'
WARNING: [Synth 8-326] inferred exception to break timing loop: 'set_false_path -through i_1561/O'
WARNING: [Synth 8-326] inferred exception to break timing loop: 'set_false_path -through i_1520/O'
WARNING: [Synth 8-326] inferred exception to break timing loop: 'set_false_path -through i_1562/O'
WARNING: [Synth 8-326] inferred exception to break timing loop: 'set_false_path -through i_1521/O'
WARNING: [Synth 8-326] inferred exception to break timing loop: 'set_false_path -through i_1563/O'
WARNING: [Synth 8-326] inferred exception to break timing loop: 'set_false_path -through i_1522/O'
WARNING: [Synth 8-326] inferred exception to break timing loop: 'set_false_path -through i_1564/O'
WARNING: [Synth 8-326] inferred exception to break timing loop: 'set_false_path -through i_1523/O'
WARNING: [Synth 8-326] inferred exception to break timing loop: 'set_false_path -through i_1565/O'
WARNING: [Synth 8-326] inferred exception to break timing loop: 'set_false_path -through i_1524/O'
WARNING: [Synth 8-326] inferred exception to break timing loop: 'set_false_path -through i_1566/O'
WARNING: [Synth 8-326] inferred exception to break timing loop: 'set_false_path -through i_1525/O'
WARNING: [Synth 8-326] inferred exception to break timing loop: 'set_false_path -through i_1567/O'
WARNING: [Synth 8-326] inferred exception to break timing loop: 'set_false_path -through i_1526/O'
WARNING: [Synth 8-326] inferred exception to break timing loop: 'set_false_path -through i_1568/O'
WARNING: [Synth 8-326] inferred exception to break timing loop: 'set_false_path -through i_1501/O'
WARNING: [Synth 8-326] inferred exception to break timing loop: 'set_false_path -through i_1549/O'
WARNING: [Synth 8-326] inferred exception to break timing loop: 'set_false_path -through i_1527/O'
WARNING: [Synth 8-326] inferred exception to break timing loop: 'set_false_path -through i_1569/O'
WARNING: [Synth 8-326] inferred exception to break timing loop: 'set_false_path -through i_1528/O'
WARNING: [Synth 8-326] inferred exception to break timing loop: 'set_false_path -through i_1570/O'
WARNING: [Synth 8-326] inferred exception to break timing loop: 'set_false_path -through i_1529/O'
WARNING: [Synth 8-326] inferred exception to break timing loop: 'set_false_path -through i_1571/O'
WARNING: [Synth 8-326] inferred exception to break timing loop: 'set_false_path -through i_1530/O'
WARNING: [Synth 8-326] inferred exception to break timing loop: 'set_false_path -through i_1572/O'
WARNING: [Synth 8-326] inferred exception to break timing loop: 'set_false_path -through i_1531/O'
WARNING: [Synth 8-326] inferred exception to break timing loop: 'set_false_path -through i_1573/O'
WARNING: [Synth 8-326] inferred exception to break timing loop: 'set_false_path -through i_1532/O'
WARNING: [Synth 8-326] inferred exception to break timing loop: 'set_false_path -through i_1574/O'
WARNING: [Synth 8-326] inferred exception to break timing loop: 'set_false_path -through i_1533/O'
WARNING: [Synth 8-326] inferred exception to break timing loop: 'set_false_path -through i_1575/O'
WARNING: [Synth 8-326] inferred exception to break timing loop: 'set_false_path -through i_1534/O'
WARNING: [Synth 8-326] inferred exception to break timing loop: 'set_false_path -through i_1576/O'
WARNING: [Synth 8-326] inferred exception to break timing loop: 'set_false_path -through i_1535/O'
WARNING: [Synth 8-326] inferred exception to break timing loop: 'set_false_path -through i_1577/O'
WARNING: [Synth 8-326] inferred exception to break timing loop: 'set_false_path -through i_1536/O'
WARNING: [Synth 8-326] inferred exception to break timing loop: 'set_false_path -through i_1578/O'
WARNING: [Synth 8-326] inferred exception to break timing loop: 'set_false_path -through i_1537/O'
WARNING: [Synth 8-326] inferred exception to break timing loop: 'set_false_path -through i_1579/O'
WARNING: [Synth 8-326] inferred exception to break timing loop: 'set_false_path -through i_1538/O'
WARNING: [Synth 8-326] inferred exception to break timing loop: 'set_false_path -through i_1580/O'
---------------------------------------------------------------------------------
Finished Technology Mapping : Time (s): cpu = 00:00:17 ; elapsed = 00:00:17 . Memory (MB): peak = 2230.059 ; gain = 741.332 ; free physical = 4863 ; free virtual = 17738
---------------------------------------------------------------------------------
---------------------------------------------------------------------------------
Start IO Insertion
---------------------------------------------------------------------------------
---------------------------------------------------------------------------------
Start Flattening Before IO Insertion
---------------------------------------------------------------------------------
---------------------------------------------------------------------------------
Finished Flattening Before IO Insertion
---------------------------------------------------------------------------------
---------------------------------------------------------------------------------
Start Final Netlist Cleanup
---------------------------------------------------------------------------------
---------------------------------------------------------------------------------
Finished Final Netlist Cleanup
---------------------------------------------------------------------------------
---------------------------------------------------------------------------------
Finished IO Insertion : Time (s): cpu = 00:00:18 ; elapsed = 00:00:19 . Memory (MB): peak = 2377.871 ; gain = 889.145 ; free physical = 4754 ; free virtual = 17629
---------------------------------------------------------------------------------
---------------------------------------------------------------------------------
Start Renaming Generated Instances
---------------------------------------------------------------------------------
---------------------------------------------------------------------------------
Finished Renaming Generated Instances : Time (s): cpu = 00:00:18 ; elapsed = 00:00:19 . Memory (MB): peak = 2377.871 ; gain = 889.145 ; free physical = 4754 ; free virtual = 17629
---------------------------------------------------------------------------------
CRITICAL WARNING: [Synth 8-6859] multi-driven net on pin ex_mem_alu_result[0]_i_1_n_0 with 1st driver pin 'ex_mem_alu_result[0]_i_1/O' [/home/morten/dev/risc-v-cpu/src/alu_controller.sv:48]
CRITICAL WARNING: [Synth 8-6859] multi-driven net on pin ex_mem_alu_result[0]_i_1_n_0 with 2nd driver pin 'ex_mem_alu_result[0]_i_2/O' [/home/morten/dev/risc-v-cpu/src/top.sv:3]
CRITICAL WARNING: [Synth 8-6859] multi-driven net on pin ex_mem_alu_result[1]_i_1_n_0 with 1st driver pin 'ex_mem_alu_result[1]_i_1/O' [/home/morten/dev/risc-v-cpu/src/alu_controller.sv:48]
CRITICAL WARNING: [Synth 8-6859] multi-driven net on pin ex_mem_alu_result[1]_i_1_n_0 with 2nd driver pin 'ex_mem_alu_result[1]_i_2/O' [/home/morten/dev/risc-v-cpu/src/top.sv:3]
CRITICAL WARNING: [Synth 8-6859] multi-driven net on pin ex_mem_alu_result[2]_i_1_n_0 with 1st driver pin 'ex_mem_alu_result[2]_i_1/O' [/home/morten/dev/risc-v-cpu/src/alu_controller.sv:48]
CRITICAL WARNING: [Synth 8-6859] multi-driven net on pin ex_mem_alu_result[2]_i_1_n_0 with 2nd driver pin 'ex_mem_alu_result[2]_i_2/O' [/home/morten/dev/risc-v-cpu/src/top.sv:3]
CRITICAL WARNING: [Synth 8-6859] multi-driven net on pin ex_mem_alu_result[3]_i_1_n_0 with 1st driver pin 'ex_mem_alu_result[3]_i_1/O' [/home/morten/dev/risc-v-cpu/src/alu_controller.sv:48]
CRITICAL WARNING: [Synth 8-6859] multi-driven net on pin ex_mem_alu_result[3]_i_1_n_0 with 2nd driver pin 'ex_mem_alu_result[3]_i_2/O' [/home/morten/dev/risc-v-cpu/src/top.sv:3]
CRITICAL WARNING: [Synth 8-6859] multi-driven net on pin ex_mem_alu_result[4]_i_1_n_0 with 1st driver pin 'ex_mem_alu_result[4]_i_1/O' [/home/morten/dev/risc-v-cpu/src/alu_controller.sv:48]
CRITICAL WARNING: [Synth 8-6859] multi-driven net on pin ex_mem_alu_result[4]_i_1_n_0 with 2nd driver pin 'ex_mem_alu_result[4]_i_2/O' [/home/morten/dev/risc-v-cpu/src/top.sv:3]
CRITICAL WARNING: [Synth 8-6859] multi-driven net on pin ex_mem_alu_result[5]_i_1_n_0 with 1st driver pin 'ex_mem_alu_result[5]_i_1/O' [/home/morten/dev/risc-v-cpu/src/alu_controller.sv:48]
CRITICAL WARNING: [Synth 8-6859] multi-driven net on pin ex_mem_alu_result[5]_i_1_n_0 with 2nd driver pin 'ex_mem_alu_result[5]_i_2/O' [/home/morten/dev/risc-v-cpu/src/top.sv:3]
CRITICAL WARNING: [Synth 8-6859] multi-driven net on pin ex_mem_alu_result[6]_i_1_n_0 with 1st driver pin 'ex_mem_alu_result[6]_i_1/O' [/home/morten/dev/risc-v-cpu/src/alu_controller.sv:48]
CRITICAL WARNING: [Synth 8-6859] multi-driven net on pin ex_mem_alu_result[6]_i_1_n_0 with 2nd driver pin 'ex_mem_alu_result[6]_i_2/O' [/home/morten/dev/risc-v-cpu/src/top.sv:3]
CRITICAL WARNING: [Synth 8-6859] multi-driven net on pin ex_mem_alu_result[7]_i_1_n_0 with 1st driver pin 'ex_mem_alu_result[7]_i_1/O' [/home/morten/dev/risc-v-cpu/src/alu_controller.sv:48]
CRITICAL WARNING: [Synth 8-6859] multi-driven net on pin ex_mem_alu_result[7]_i_1_n_0 with 2nd driver pin 'ex_mem_alu_result[7]_i_2/O' [/home/morten/dev/risc-v-cpu/src/top.sv:3]
CRITICAL WARNING: [Synth 8-6859] multi-driven net on pin ex_mem_alu_result[8]_i_1_n_0 with 1st driver pin 'ex_mem_alu_result[8]_i_1/O' [/home/morten/dev/risc-v-cpu/src/alu_controller.sv:48]
CRITICAL WARNING: [Synth 8-6859] multi-driven net on pin ex_mem_alu_result[8]_i_1_n_0 with 2nd driver pin 'ex_mem_alu_result[8]_i_2/O' [/home/morten/dev/risc-v-cpu/src/top.sv:3]
CRITICAL WARNING: [Synth 8-6859] multi-driven net on pin ex_mem_alu_result[9]_i_1_n_0 with 1st driver pin 'ex_mem_alu_result[9]_i_1/O' [/home/morten/dev/risc-v-cpu/src/alu_controller.sv:48]
CRITICAL WARNING: [Synth 8-6859] multi-driven net on pin ex_mem_alu_result[9]_i_1_n_0 with 2nd driver pin 'ex_mem_alu_result[9]_i_2/O' [/home/morten/dev/risc-v-cpu/src/top.sv:3]
CRITICAL WARNING: [Synth 8-6859] multi-driven net on pin ex_mem_alu_result[10]_i_1_n_0 with 1st driver pin 'ex_mem_alu_result[10]_i_1/O' [/home/morten/dev/risc-v-cpu/src/alu_controller.sv:48]
CRITICAL WARNING: [Synth 8-6859] multi-driven net on pin ex_mem_alu_result[10]_i_1_n_0 with 2nd driver pin 'ex_mem_alu_result[10]_i_2/O' [/home/morten/dev/risc-v-cpu/src/top.sv:3]
CRITICAL WARNING: [Synth 8-6859] multi-driven net on pin ex_mem_alu_result[11]_i_1_n_0 with 1st driver pin 'ex_mem_alu_result[11]_i_1/O' [/home/morten/dev/risc-v-cpu/src/alu_controller.sv:48]
CRITICAL WARNING: [Synth 8-6859] multi-driven net on pin ex_mem_alu_result[11]_i_1_n_0 with 2nd driver pin 'ex_mem_alu_result[11]_i_2/O' [/home/morten/dev/risc-v-cpu/src/top.sv:3]
CRITICAL WARNING: [Synth 8-6859] multi-driven net on pin ex_mem_alu_result[12]_i_1_n_0 with 1st driver pin 'ex_mem_alu_result[12]_i_1/O' [/home/morten/dev/risc-v-cpu/src/alu_controller.sv:48]
CRITICAL WARNING: [Synth 8-6859] multi-driven net on pin ex_mem_alu_result[12]_i_1_n_0 with 2nd driver pin 'ex_mem_alu_result[12]_i_2/O' [/home/morten/dev/risc-v-cpu/src/top.sv:3]
CRITICAL WARNING: [Synth 8-6859] multi-driven net on pin ex_mem_alu_result[13]_i_1_n_0 with 1st driver pin 'ex_mem_alu_result[13]_i_1/O' [/home/morten/dev/risc-v-cpu/src/alu_controller.sv:48]
CRITICAL WARNING: [Synth 8-6859] multi-driven net on pin ex_mem_alu_result[13]_i_1_n_0 with 2nd driver pin 'ex_mem_alu_result[13]_i_2/O' [/home/morten/dev/risc-v-cpu/src/top.sv:3]
CRITICAL WARNING: [Synth 8-6859] multi-driven net on pin ex_mem_alu_result[14]_i_1_n_0 with 1st driver pin 'ex_mem_alu_result[14]_i_1/O' [/home/morten/dev/risc-v-cpu/src/alu_controller.sv:48]
CRITICAL WARNING: [Synth 8-6859] multi-driven net on pin ex_mem_alu_result[14]_i_1_n_0 with 2nd driver pin 'ex_mem_alu_result[14]_i_2/O' [/home/morten/dev/risc-v-cpu/src/top.sv:3]
CRITICAL WARNING: [Synth 8-6859] multi-driven net on pin ex_mem_alu_result[15]_i_1_n_0 with 1st driver pin 'ex_mem_alu_result[15]_i_1/O' [/home/morten/dev/risc-v-cpu/src/alu_controller.sv:48]
CRITICAL WARNING: [Synth 8-6859] multi-driven net on pin ex_mem_alu_result[15]_i_1_n_0 with 2nd driver pin 'ex_mem_alu_result[15]_i_2/O' [/home/morten/dev/risc-v-cpu/src/top.sv:3]
CRITICAL WARNING: [Synth 8-6859] multi-driven net on pin ex_mem_alu_result[16]_i_1_n_0 with 1st driver pin 'ex_mem_alu_result[16]_i_1/O' [/home/morten/dev/risc-v-cpu/src/alu_controller.sv:48]
CRITICAL WARNING: [Synth 8-6859] multi-driven net on pin ex_mem_alu_result[16]_i_1_n_0 with 2nd driver pin 'ex_mem_alu_result[16]_i_2/O' [/home/morten/dev/risc-v-cpu/src/top.sv:3]
CRITICAL WARNING: [Synth 8-6859] multi-driven net on pin ex_mem_alu_result[17]_i_1_n_0 with 1st driver pin 'ex_mem_alu_result[17]_i_1/O' [/home/morten/dev/risc-v-cpu/src/alu_controller.sv:48]
CRITICAL WARNING: [Synth 8-6859] multi-driven net on pin ex_mem_alu_result[17]_i_1_n_0 with 2nd driver pin 'ex_mem_alu_result[17]_i_2/O' [/home/morten/dev/risc-v-cpu/src/top.sv:3]
CRITICAL WARNING: [Synth 8-6859] multi-driven net on pin ex_mem_alu_result[18]_i_1_n_0 with 1st driver pin 'ex_mem_alu_result[18]_i_1/O' [/home/morten/dev/risc-v-cpu/src/alu_controller.sv:48]
CRITICAL WARNING: [Synth 8-6859] multi-driven net on pin ex_mem_alu_result[18]_i_1_n_0 with 2nd driver pin 'ex_mem_alu_result[18]_i_2/O' [/home/morten/dev/risc-v-cpu/src/top.sv:3]
CRITICAL WARNING: [Synth 8-6859] multi-driven net on pin ex_mem_alu_result[19]_i_1_n_0 with 1st driver pin 'ex_mem_alu_result[19]_i_1/O' [/home/morten/dev/risc-v-cpu/src/alu_controller.sv:48]
CRITICAL WARNING: [Synth 8-6859] multi-driven net on pin ex_mem_alu_result[19]_i_1_n_0 with 2nd driver pin 'ex_mem_alu_result[19]_i_2/O' [/home/morten/dev/risc-v-cpu/src/top.sv:3]
CRITICAL WARNING: [Synth 8-6859] multi-driven net on pin ex_mem_alu_result[20]_i_1_n_0 with 1st driver pin 'ex_mem_alu_result[20]_i_1/O' [/home/morten/dev/risc-v-cpu/src/alu_controller.sv:48]
CRITICAL WARNING: [Synth 8-6859] multi-driven net on pin ex_mem_alu_result[20]_i_1_n_0 with 2nd driver pin 'ex_mem_alu_result[20]_i_2/O' [/home/morten/dev/risc-v-cpu/src/top.sv:3]
CRITICAL WARNING: [Synth 8-6859] multi-driven net on pin ex_mem_alu_result[21]_i_1_n_0 with 1st driver pin 'ex_mem_alu_result[21]_i_1/O' [/home/morten/dev/risc-v-cpu/src/alu_controller.sv:48]
CRITICAL WARNING: [Synth 8-6859] multi-driven net on pin ex_mem_alu_result[21]_i_1_n_0 with 2nd driver pin 'ex_mem_alu_result[21]_i_2/O' [/home/morten/dev/risc-v-cpu/src/top.sv:3]
CRITICAL WARNING: [Synth 8-6859] multi-driven net on pin ex_mem_alu_result[22]_i_1_n_0 with 1st driver pin 'ex_mem_alu_result[22]_i_1/O' [/home/morten/dev/risc-v-cpu/src/alu_controller.sv:48]
CRITICAL WARNING: [Synth 8-6859] multi-driven net on pin ex_mem_alu_result[22]_i_1_n_0 with 2nd driver pin 'ex_mem_alu_result[22]_i_2/O' [/home/morten/dev/risc-v-cpu/src/top.sv:3]
CRITICAL WARNING: [Synth 8-6859] multi-driven net on pin ex_mem_alu_result[23]_i_1_n_0 with 1st driver pin 'ex_mem_alu_result[23]_i_1/O' [/home/morten/dev/risc-v-cpu/src/alu_controller.sv:48]
CRITICAL WARNING: [Synth 8-6859] multi-driven net on pin ex_mem_alu_result[23]_i_1_n_0 with 2nd driver pin 'ex_mem_alu_result[23]_i_2/O' [/home/morten/dev/risc-v-cpu/src/top.sv:3]
CRITICAL WARNING: [Synth 8-6859] multi-driven net on pin ex_mem_alu_result[24]_i_1_n_0 with 1st driver pin 'ex_mem_alu_result[24]_i_1/O' [/home/morten/dev/risc-v-cpu/src/alu_controller.sv:48]
CRITICAL WARNING: [Synth 8-6859] multi-driven net on pin ex_mem_alu_result[24]_i_1_n_0 with 2nd driver pin 'ex_mem_alu_result[24]_i_2/O' [/home/morten/dev/risc-v-cpu/src/top.sv:3]
CRITICAL WARNING: [Synth 8-6859] multi-driven net on pin ex_mem_alu_result[25]_i_1_n_0 with 1st driver pin 'ex_mem_alu_result[25]_i_1/O' [/home/morten/dev/risc-v-cpu/src/alu_controller.sv:48]
CRITICAL WARNING: [Synth 8-6859] multi-driven net on pin ex_mem_alu_result[25]_i_1_n_0 with 2nd driver pin 'ex_mem_alu_result[25]_i_2/O' [/home/morten/dev/risc-v-cpu/src/top.sv:3]
CRITICAL WARNING: [Synth 8-6859] multi-driven net on pin ex_mem_alu_result[26]_i_1_n_0 with 1st driver pin 'ex_mem_alu_result[26]_i_1/O' [/home/morten/dev/risc-v-cpu/src/alu_controller.sv:48]
CRITICAL WARNING: [Synth 8-6859] multi-driven net on pin ex_mem_alu_result[26]_i_1_n_0 with 2nd driver pin 'ex_mem_alu_result[26]_i_2/O' [/home/morten/dev/risc-v-cpu/src/top.sv:3]
CRITICAL WARNING: [Synth 8-6859] multi-driven net on pin ex_mem_alu_result[27]_i_1_n_0 with 1st driver pin 'ex_mem_alu_result[27]_i_1/O' [/home/morten/dev/risc-v-cpu/src/alu_controller.sv:48]
CRITICAL WARNING: [Synth 8-6859] multi-driven net on pin ex_mem_alu_result[27]_i_1_n_0 with 2nd driver pin 'ex_mem_alu_result[27]_i_2/O' [/home/morten/dev/risc-v-cpu/src/top.sv:3]
CRITICAL WARNING: [Synth 8-6859] multi-driven net on pin ex_mem_alu_result[28]_i_1_n_0 with 1st driver pin 'ex_mem_alu_result[28]_i_1/O' [/home/morten/dev/risc-v-cpu/src/alu_controller.sv:48]
CRITICAL WARNING: [Synth 8-6859] multi-driven net on pin ex_mem_alu_result[28]_i_1_n_0 with 2nd driver pin 'ex_mem_alu_result[28]_i_2/O' [/home/morten/dev/risc-v-cpu/src/top.sv:3]
CRITICAL WARNING: [Synth 8-6859] multi-driven net on pin ex_mem_alu_result[29]_i_1_n_0 with 1st driver pin 'ex_mem_alu_result[29]_i_1/O' [/home/morten/dev/risc-v-cpu/src/alu_controller.sv:48]
CRITICAL WARNING: [Synth 8-6859] multi-driven net on pin ex_mem_alu_result[29]_i_1_n_0 with 2nd driver pin 'ex_mem_alu_result[29]_i_2/O' [/home/morten/dev/risc-v-cpu/src/top.sv:3]
CRITICAL WARNING: [Synth 8-6859] multi-driven net on pin ex_mem_alu_result[30]_i_1_n_0 with 1st driver pin 'ex_mem_alu_result[30]_i_1/O' [/home/morten/dev/risc-v-cpu/src/alu_controller.sv:48]
CRITICAL WARNING: [Synth 8-6859] multi-driven net on pin ex_mem_alu_result[30]_i_1_n_0 with 2nd driver pin 'ex_mem_alu_result[30]_i_2/O' [/home/morten/dev/risc-v-cpu/src/top.sv:3]
CRITICAL WARNING: [Synth 8-6859] multi-driven net on pin ex_mem_alu_result[31]_i_1_n_0 with 1st driver pin 'ex_mem_alu_result[31]_i_1/O' [/home/morten/dev/risc-v-cpu/src/alu_controller.sv:48]
CRITICAL WARNING: [Synth 8-6859] multi-driven net on pin ex_mem_alu_result[31]_i_1_n_0 with 2nd driver pin 'ex_mem_alu_result[31]_i_2/O' [/home/morten/dev/risc-v-cpu/src/top.sv:3]

Report Check Netlist: 
+------+------------------+-------+---------+-------+------------------+
|      |Item              |Errors |Warnings |Status |Description       |
+------+------------------+-------+---------+-------+------------------+
|1     |multi_driven_nets |      0|       32|Failed |Multi driven nets |
+------+------------------+-------+---------+-------+------------------+
Found timing loop:
     0: \ex_mem_alu_result[31]_i_1 /O (LUT4)
      [/home/morten/dev/risc-v-cpu/src/alu_controller.sv:48]
     1: \ex_mem_alu_result[31]_i_1 /I2 (LUT4)
     2: \ex_mem_alu_result[31]_i_1 /O (LUT4)
CRITICAL WARNING: [Synth 8-295] found timing loop. [/home/morten/dev/risc-v-cpu/src/top.sv:3]
Inferred a: "set_disable_timing -from I2 -to O \ex_mem_alu_result[31]_i_1 "
Found timing loop:
     0: \ex_mem_alu_result[30]_i_1 /O (LUT4)
      [/home/morten/dev/risc-v-cpu/src/alu_controller.sv:48]
     1: \ex_mem_alu_result[30]_i_1 /I2 (LUT4)
     2: \ex_mem_alu_result[30]_i_1 /O (LUT4)
CRITICAL WARNING: [Synth 8-295] found timing loop. [/home/morten/dev/risc-v-cpu/src/top.sv:3]
Inferred a: "set_disable_timing -from I2 -to O \ex_mem_alu_result[30]_i_1 "
Found timing loop:
     0: \ex_mem_alu_result[29]_i_1 /O (LUT4)
      [/home/morten/dev/risc-v-cpu/src/alu_controller.sv:48]
     1: \ex_mem_alu_result[29]_i_1 /I2 (LUT4)
     2: \ex_mem_alu_result[29]_i_1 /O (LUT4)
CRITICAL WARNING: [Synth 8-295] found timing loop. [/home/morten/dev/risc-v-cpu/src/top.sv:3]
Inferred a: "set_disable_timing -from I2 -to O \ex_mem_alu_result[29]_i_1 "
Found timing loop:
     0: \ex_mem_alu_result[28]_i_1 /O (LUT4)
      [/home/morten/dev/risc-v-cpu/src/alu_controller.sv:48]
     1: \ex_mem_alu_result[28]_i_1 /I2 (LUT4)
     2: \ex_mem_alu_result[28]_i_1 /O (LUT4)
CRITICAL WARNING: [Synth 8-295] found timing loop. [/home/morten/dev/risc-v-cpu/src/top.sv:3]
Inferred a: "set_disable_timing -from I2 -to O \ex_mem_alu_result[28]_i_1 "
Found timing loop:
     0: \ex_mem_alu_result[27]_i_1 /O (LUT4)
      [/home/morten/dev/risc-v-cpu/src/alu_controller.sv:48]
     1: \ex_mem_alu_result[27]_i_1 /I2 (LUT4)
     2: \ex_mem_alu_result[27]_i_1 /O (LUT4)
CRITICAL WARNING: [Synth 8-295] found timing loop. [/home/morten/dev/risc-v-cpu/src/top.sv:3]
Inferred a: "set_disable_timing -from I2 -to O \ex_mem_alu_result[27]_i_1 "
Found timing loop:
     0: \ex_mem_alu_result[26]_i_1 /O (LUT4)
      [/home/morten/dev/risc-v-cpu/src/alu_controller.sv:48]
     1: \ex_mem_alu_result[26]_i_1 /I2 (LUT4)
     2: \ex_mem_alu_result[26]_i_1 /O (LUT4)
CRITICAL WARNING: [Synth 8-295] found timing loop. [/home/morten/dev/risc-v-cpu/src/top.sv:3]
Inferred a: "set_disable_timing -from I2 -to O \ex_mem_alu_result[26]_i_1 "
Found timing loop:
     0: \ex_mem_alu_result[25]_i_1 /O (LUT4)
      [/home/morten/dev/risc-v-cpu/src/alu_controller.sv:48]
     1: \ex_mem_alu_result[25]_i_1 /I2 (LUT4)
     2: \ex_mem_alu_result[25]_i_1 /O (LUT4)
CRITICAL WARNING: [Synth 8-295] found timing loop. [/home/morten/dev/risc-v-cpu/src/top.sv:3]
Inferred a: "set_disable_timing -from I2 -to O \ex_mem_alu_result[25]_i_1 "
Found timing loop:
     0: \ex_mem_alu_result[24]_i_1 /O (LUT4)
      [/home/morten/dev/risc-v-cpu/src/alu_controller.sv:48]
     1: \ex_mem_alu_result[24]_i_1 /I2 (LUT4)
     2: \ex_mem_alu_result[24]_i_1 /O (LUT4)
CRITICAL WARNING: [Synth 8-295] found timing loop. [/home/morten/dev/risc-v-cpu/src/top.sv:3]
Inferred a: "set_disable_timing -from I2 -to O \ex_mem_alu_result[24]_i_1 "
Found timing loop:
     0: \ex_mem_alu_result[23]_i_1 /O (LUT4)
      [/home/morten/dev/risc-v-cpu/src/alu_controller.sv:48]
     1: \ex_mem_alu_result[23]_i_1 /I2 (LUT4)
     2: \ex_mem_alu_result[23]_i_1 /O (LUT4)
CRITICAL WARNING: [Synth 8-295] found timing loop. [/home/morten/dev/risc-v-cpu/src/top.sv:3]
Inferred a: "set_disable_timing -from I2 -to O \ex_mem_alu_result[23]_i_1 "
Found timing loop:
     0: \ex_mem_alu_result[22]_i_1 /O (LUT4)
      [/home/morten/dev/risc-v-cpu/src/alu_controller.sv:48]
     1: \ex_mem_alu_result[22]_i_1 /I2 (LUT4)
     2: \ex_mem_alu_result[22]_i_1 /O (LUT4)
CRITICAL WARNING: [Synth 8-295] found timing loop. [/home/morten/dev/risc-v-cpu/src/top.sv:3]
Inferred a: "set_disable_timing -from I2 -to O \ex_mem_alu_result[22]_i_1 "
Found timing loop:
     0: \ex_mem_alu_result[21]_i_1 /O (LUT4)
      [/home/morten/dev/risc-v-cpu/src/alu_controller.sv:48]
     1: \ex_mem_alu_result[21]_i_1 /I2 (LUT4)
     2: \ex_mem_alu_result[21]_i_1 /O (LUT4)
CRITICAL WARNING: [Synth 8-295] found timing loop. [/home/morten/dev/risc-v-cpu/src/top.sv:3]
Inferred a: "set_disable_timing -from I2 -to O \ex_mem_alu_result[21]_i_1 "
Found timing loop:
     0: \ex_mem_alu_result[20]_i_1 /O (LUT4)
      [/home/morten/dev/risc-v-cpu/src/alu_controller.sv:48]
     1: \ex_mem_alu_result[20]_i_1 /I2 (LUT4)
     2: \ex_mem_alu_result[20]_i_1 /O (LUT4)
CRITICAL WARNING: [Synth 8-295] found timing loop. [/home/morten/dev/risc-v-cpu/src/top.sv:3]
Inferred a: "set_disable_timing -from I2 -to O \ex_mem_alu_result[20]_i_1 "
Found timing loop:
     0: \ex_mem_alu_result[19]_i_1 /O (LUT4)
      [/home/morten/dev/risc-v-cpu/src/alu_controller.sv:48]
     1: \ex_mem_alu_result[19]_i_1 /I2 (LUT4)
     2: \ex_mem_alu_result[19]_i_1 /O (LUT4)
CRITICAL WARNING: [Synth 8-295] found timing loop. [/home/morten/dev/risc-v-cpu/src/top.sv:3]
Inferred a: "set_disable_timing -from I2 -to O \ex_mem_alu_result[19]_i_1 "
Found timing loop:
     0: \ex_mem_alu_result[18]_i_1 /O (LUT4)
      [/home/morten/dev/risc-v-cpu/src/alu_controller.sv:48]
     1: \ex_mem_alu_result[18]_i_1 /I2 (LUT4)
     2: \ex_mem_alu_result[18]_i_1 /O (LUT4)
CRITICAL WARNING: [Synth 8-295] found timing loop. [/home/morten/dev/risc-v-cpu/src/top.sv:3]
Inferred a: "set_disable_timing -from I2 -to O \ex_mem_alu_result[18]_i_1 "
Found timing loop:
     0: \ex_mem_alu_result[17]_i_1 /O (LUT4)
      [/home/morten/dev/risc-v-cpu/src/alu_controller.sv:48]
     1: \ex_mem_alu_result[17]_i_1 /I2 (LUT4)
     2: \ex_mem_alu_result[17]_i_1 /O (LUT4)
CRITICAL WARNING: [Synth 8-295] found timing loop. [/home/morten/dev/risc-v-cpu/src/top.sv:3]
Inferred a: "set_disable_timing -from I2 -to O \ex_mem_alu_result[17]_i_1 "
Found timing loop:
     0: \ex_mem_alu_result[16]_i_1 /O (LUT4)
      [/home/morten/dev/risc-v-cpu/src/alu_controller.sv:48]
     1: \ex_mem_alu_result[16]_i_1 /I2 (LUT4)
     2: \ex_mem_alu_result[16]_i_1 /O (LUT4)
CRITICAL WARNING: [Synth 8-295] found timing loop. [/home/morten/dev/risc-v-cpu/src/top.sv:3]
Inferred a: "set_disable_timing -from I2 -to O \ex_mem_alu_result[16]_i_1 "
Found timing loop:
     0: \ex_mem_alu_result[15]_i_1 /O (LUT4)
      [/home/morten/dev/risc-v-cpu/src/alu_controller.sv:48]
     1: \ex_mem_alu_result[15]_i_1 /I2 (LUT4)
     2: \ex_mem_alu_result[15]_i_1 /O (LUT4)
CRITICAL WARNING: [Synth 8-295] found timing loop. [/home/morten/dev/risc-v-cpu/src/top.sv:3]
Inferred a: "set_disable_timing -from I2 -to O \ex_mem_alu_result[15]_i_1 "
Found timing loop:
     0: \ex_mem_alu_result[14]_i_1 /O (LUT4)
      [/home/morten/dev/risc-v-cpu/src/alu_controller.sv:48]
     1: \ex_mem_alu_result[14]_i_1 /I2 (LUT4)
     2: \ex_mem_alu_result[14]_i_1 /O (LUT4)
CRITICAL WARNING: [Synth 8-295] found timing loop. [/home/morten/dev/risc-v-cpu/src/top.sv:3]
Inferred a: "set_disable_timing -from I2 -to O \ex_mem_alu_result[14]_i_1 "
Found timing loop:
     0: \ex_mem_alu_result[13]_i_1 /O (LUT4)
      [/home/morten/dev/risc-v-cpu/src/alu_controller.sv:48]
     1: \ex_mem_alu_result[13]_i_1 /I2 (LUT4)
     2: \ex_mem_alu_result[13]_i_1 /O (LUT4)
CRITICAL WARNING: [Synth 8-295] found timing loop. [/home/morten/dev/risc-v-cpu/src/top.sv:3]
Inferred a: "set_disable_timing -from I2 -to O \ex_mem_alu_result[13]_i_1 "
Found timing loop:
     0: \ex_mem_alu_result[12]_i_1 /O (LUT4)
      [/home/morten/dev/risc-v-cpu/src/alu_controller.sv:48]
     1: \ex_mem_alu_result[12]_i_1 /I2 (LUT4)
     2: \ex_mem_alu_result[12]_i_1 /O (LUT4)
CRITICAL WARNING: [Synth 8-295] found timing loop. [/home/morten/dev/risc-v-cpu/src/top.sv:3]
Inferred a: "set_disable_timing -from I2 -to O \ex_mem_alu_result[12]_i_1 "
Found timing loop:
     0: \ex_mem_alu_result[11]_i_1 /O (LUT4)
      [/home/morten/dev/risc-v-cpu/src/alu_controller.sv:48]
     1: \ex_mem_alu_result[11]_i_1 /I2 (LUT4)
     2: \ex_mem_alu_result[11]_i_1 /O (LUT4)
CRITICAL WARNING: [Synth 8-295] found timing loop. [/home/morten/dev/risc-v-cpu/src/top.sv:3]
Inferred a: "set_disable_timing -from I2 -to O \ex_mem_alu_result[11]_i_1 "
Found timing loop:
     0: \ex_mem_alu_result[10]_i_1 /O (LUT4)
      [/home/morten/dev/risc-v-cpu/src/alu_controller.sv:48]
     1: \ex_mem_alu_result[10]_i_1 /I2 (LUT4)
     2: \ex_mem_alu_result[10]_i_1 /O (LUT4)
CRITICAL WARNING: [Synth 8-295] found timing loop. [/home/morten/dev/risc-v-cpu/src/top.sv:3]
Inferred a: "set_disable_timing -from I2 -to O \ex_mem_alu_result[10]_i_1 "
Found timing loop:
     0: \ex_mem_alu_result[9]_i_1 /O (LUT4)
      [/home/morten/dev/risc-v-cpu/src/alu_controller.sv:48]
     1: \ex_mem_alu_result[9]_i_1 /I2 (LUT4)
     2: \ex_mem_alu_result[9]_i_1 /O (LUT4)
CRITICAL WARNING: [Synth 8-295] found timing loop. [/home/morten/dev/risc-v-cpu/src/top.sv:3]
Inferred a: "set_disable_timing -from I2 -to O \ex_mem_alu_result[9]_i_1 "
Found timing loop:
     0: \ex_mem_alu_result[8]_i_1 /O (LUT4)
      [/home/morten/dev/risc-v-cpu/src/alu_controller.sv:48]
     1: \ex_mem_alu_result[8]_i_1 /I2 (LUT4)
     2: \ex_mem_alu_result[8]_i_1 /O (LUT4)
CRITICAL WARNING: [Synth 8-295] found timing loop. [/home/morten/dev/risc-v-cpu/src/top.sv:3]
Inferred a: "set_disable_timing -from I2 -to O \ex_mem_alu_result[8]_i_1 "
Found timing loop:
     0: \ex_mem_alu_result[7]_i_1 /O (LUT4)
      [/home/morten/dev/risc-v-cpu/src/alu_controller.sv:48]
     1: \ex_mem_alu_result[7]_i_1 /I2 (LUT4)
     2: \ex_mem_alu_result[7]_i_1 /O (LUT4)
CRITICAL WARNING: [Synth 8-295] found timing loop. [/home/morten/dev/risc-v-cpu/src/top.sv:3]
Inferred a: "set_disable_timing -from I2 -to O \ex_mem_alu_result[7]_i_1 "
Found timing loop:
     0: \ex_mem_alu_result[6]_i_1 /O (LUT4)
      [/home/morten/dev/risc-v-cpu/src/alu_controller.sv:48]
     1: \ex_mem_alu_result[6]_i_1 /I2 (LUT4)
     2: \ex_mem_alu_result[6]_i_1 /O (LUT4)
CRITICAL WARNING: [Synth 8-295] found timing loop. [/home/morten/dev/risc-v-cpu/src/top.sv:3]
Inferred a: "set_disable_timing -from I2 -to O \ex_mem_alu_result[6]_i_1 "
Found timing loop:
     0: \ex_mem_alu_result[5]_i_1 /O (LUT4)
      [/home/morten/dev/risc-v-cpu/src/alu_controller.sv:48]
     1: \ex_mem_alu_result[5]_i_1 /I2 (LUT4)
     2: \ex_mem_alu_result[5]_i_1 /O (LUT4)
CRITICAL WARNING: [Synth 8-295] found timing loop. [/home/morten/dev/risc-v-cpu/src/top.sv:3]
Inferred a: "set_disable_timing -from I2 -to O \ex_mem_alu_result[5]_i_1 "
Found timing loop:
     0: \ex_mem_alu_result[4]_i_1 /O (LUT4)
      [/home/morten/dev/risc-v-cpu/src/alu_controller.sv:48]
     1: \ex_mem_alu_result[4]_i_1 /I2 (LUT4)
     2: \ex_mem_alu_result[4]_i_1 /O (LUT4)
CRITICAL WARNING: [Synth 8-295] found timing loop. [/home/morten/dev/risc-v-cpu/src/top.sv:3]
Inferred a: "set_disable_timing -from I2 -to O \ex_mem_alu_result[4]_i_1 "
Found timing loop:
     0: \ex_mem_alu_result[3]_i_1 /O (LUT4)
      [/home/morten/dev/risc-v-cpu/src/alu_controller.sv:48]
     1: \ex_mem_alu_result[3]_i_1 /I2 (LUT4)
     2: \ex_mem_alu_result[3]_i_1 /O (LUT4)
CRITICAL WARNING: [Synth 8-295] found timing loop. [/home/morten/dev/risc-v-cpu/src/top.sv:3]
Inferred a: "set_disable_timing -from I2 -to O \ex_mem_alu_result[3]_i_1 "
Found timing loop:
     0: \ex_mem_alu_result[2]_i_1 /O (LUT4)
      [/home/morten/dev/risc-v-cpu/src/alu_controller.sv:48]
     1: \ex_mem_alu_result[2]_i_1 /I2 (LUT4)
     2: \ex_mem_alu_result[2]_i_1 /O (LUT4)
CRITICAL WARNING: [Synth 8-295] found timing loop. [/home/morten/dev/risc-v-cpu/src/top.sv:3]
Inferred a: "set_disable_timing -from I2 -to O \ex_mem_alu_result[2]_i_1 "
Found timing loop:
     0: \ex_mem_alu_result[1]_i_1 /O (LUT4)
      [/home/morten/dev/risc-v-cpu/src/alu_controller.sv:48]
     1: \ex_mem_alu_result[1]_i_1 /I2 (LUT4)
     2: \ex_mem_alu_result[1]_i_1 /O (LUT4)
CRITICAL WARNING: [Synth 8-295] found timing loop. [/home/morten/dev/risc-v-cpu/src/top.sv:3]
Inferred a: "set_disable_timing -from I2 -to O \ex_mem_alu_result[1]_i_1 "
Found timing loop:
     0: \ex_mem_alu_result[0]_i_1 /O (LUT5)
      [/home/morten/dev/risc-v-cpu/src/alu_controller.sv:48]
     1: \ex_mem_alu_result[0]_i_1 /I0 (LUT5)
     2: \ex_mem_alu_result[0]_i_1 /O (LUT5)
CRITICAL WARNING: [Synth 8-295] found timing loop. [/home/morten/dev/risc-v-cpu/src/top.sv:3]
Inferred a: "set_disable_timing -from I0 -to O \ex_mem_alu_result[0]_i_1 "
---------------------------------------------------------------------------------
Start Rebuilding User Hierarchy
---------------------------------------------------------------------------------
---------------------------------------------------------------------------------
Finished Rebuilding User Hierarchy : Time (s): cpu = 00:00:19 ; elapsed = 00:00:19 . Memory (MB): peak = 2377.871 ; gain = 889.145 ; free physical = 4756 ; free virtual = 17631
---------------------------------------------------------------------------------
---------------------------------------------------------------------------------
Start Renaming Generated Ports
---------------------------------------------------------------------------------
---------------------------------------------------------------------------------
Finished Renaming Generated Ports : Time (s): cpu = 00:00:19 ; elapsed = 00:00:19 . Memory (MB): peak = 2377.871 ; gain = 889.145 ; free physical = 4756 ; free virtual = 17631
---------------------------------------------------------------------------------
---------------------------------------------------------------------------------
Start Handling Custom Attributes
---------------------------------------------------------------------------------
---------------------------------------------------------------------------------
Finished Handling Custom Attributes : Time (s): cpu = 00:00:19 ; elapsed = 00:00:19 . Memory (MB): peak = 2377.871 ; gain = 889.145 ; free physical = 4756 ; free virtual = 17631
---------------------------------------------------------------------------------
---------------------------------------------------------------------------------
Start Renaming Generated Nets
---------------------------------------------------------------------------------
---------------------------------------------------------------------------------
Finished Renaming Generated Nets : Time (s): cpu = 00:00:19 ; elapsed = 00:00:19 . Memory (MB): peak = 2377.871 ; gain = 889.145 ; free physical = 4756 ; free virtual = 17631
---------------------------------------------------------------------------------
---------------------------------------------------------------------------------
Start Writing Synthesis Report
---------------------------------------------------------------------------------

Report BlackBoxes: 
+-+--------------+----------+
| |BlackBox name |Instances |
+-+--------------+----------+
+-+--------------+----------+

Report Cell Usage: 
+------+----------+------+
|      |Cell      |Count |
+------+----------+------+
|1     |BUFG      |     2|
|2     |CARRY4    |    46|
|3     |LUT1      |     8|
|4     |LUT2      |   136|
|5     |LUT3      |    64|
|6     |LUT4      |   172|
|7     |LUT5      |   337|
|8     |LUT6      |   946|
|9     |MUXF7     |   293|
|10    |MUXF8     |    64|
|11    |RAM128X1S |    32|
|12    |RAM64M    |    96|
|13    |FDRE      |  1640|
|14    |FDSE      |     5|
|15    |IBUF      |     6|
|16    |OBUF      |     4|
+------+----------+------+
---------------------------------------------------------------------------------
Finished Writing Synthesis Report : Time (s): cpu = 00:00:19 ; elapsed = 00:00:19 . Memory (MB): peak = 2377.871 ; gain = 889.145 ; free physical = 4756 ; free virtual = 17631
---------------------------------------------------------------------------------
Synthesis finished with 0 errors, 160 critical warnings and 67 warnings.
Synthesis Optimization Runtime : Time (s): cpu = 00:00:17 ; elapsed = 00:00:18 . Memory (MB): peak = 2377.871 ; gain = 740.395 ; free physical = 4756 ; free virtual = 17631
Synthesis Optimization Complete : Time (s): cpu = 00:00:19 ; elapsed = 00:00:19 . Memory (MB): peak = 2377.879 ; gain = 889.145 ; free physical = 4756 ; free virtual = 17631
INFO: [Project 1-571] Translating synthesized netlist
Netlist sorting complete. Time (s): cpu = 00:00:00.02 ; elapsed = 00:00:00.02 . Memory (MB): peak = 2377.879 ; gain = 0.000 ; free physical = 4921 ; free virtual = 17796
INFO: [Netlist 29-17] Analyzing 531 Unisim elements for replacement
INFO: [Netlist 29-28] Unisim Transformation completed in 0 CPU seconds
INFO: [Project 1-570] Preparing netlist for logic optimization
Parsing XDC File [/home/morten/dev/risc-v-cpu/constraints/ArtyA7.xdc]
Finished Parsing XDC File [/home/morten/dev/risc-v-cpu/constraints/ArtyA7.xdc]
INFO: [Opt 31-138] Pushed 0 inverter(s) to 0 load pin(s).
Netlist sorting complete. Time (s): cpu = 00:00:00 ; elapsed = 00:00:00 . Memory (MB): peak = 2433.898 ; gain = 0.000 ; free physical = 4904 ; free virtual = 17779
INFO: [Project 1-111] Unisim Transformation Summary:
  A total of 128 instances were transformed.
  RAM128X1S => RAM128X1S (MUXF7, RAMS64E(x2)): 32 instances
  RAM64M => RAM64M (RAMD64E(x4)): 96 instances

Synth Design complete | Checksum: f0dbc8e4
INFO: [Common 17-83] Releasing license: Synthesis
74 Infos, 91 Warnings, 160 Critical Warnings and 0 Errors encountered.
synth_design completed successfully
synth_design: Time (s): cpu = 00:00:23 ; elapsed = 00:00:22 . Memory (MB): peak = 2433.898 ; gain = 956.145 ; free physical = 4905 ; free virtual = 17781
INFO: [Common 17-2834] synth_design peak Physical Memory [PSS] (MB): overall = 1842.268; main = 1842.268; forked = 323.354
INFO: [Common 17-2834] synth_design peak Virtual Memory [VSS] (MB): overall = 3088.160; main = 2433.902; forked = 924.152
# opt_design
Command: opt_design
Attempting to get a license for feature 'Implementation' and/or device 'xc7a100t'
INFO: [Common 17-349] Got license for feature 'Implementation' and/or device 'xc7a100t'
Running DRC as a precondition to command opt_design

Starting DRC Task
INFO: [DRC 23-27] Running DRC with 8 threads
ERROR: [DRC MDRV-1] Multiple Driver Nets: Net core_inst/id_ex_reg_inst/UNCONN_OUT has multiple drivers: core_inst/id_ex_reg_inst/ex_mem_alu_result[31]_i_1/O, and core_inst/id_ex_reg_inst/ex_mem_alu_result[31]_i_2/O.
ERROR: [DRC MDRV-1] Multiple Driver Nets: Net core_inst/id_ex_reg_inst/UNCONN_OUT_0 has multiple drivers: core_inst/id_ex_reg_inst/ex_mem_alu_result[30]_i_1/O, and core_inst/id_ex_reg_inst/ex_mem_alu_result[30]_i_2/O.
ERROR: [DRC MDRV-1] Multiple Driver Nets: Net core_inst/id_ex_reg_inst/UNCONN_OUT_1 has multiple drivers: core_inst/id_ex_reg_inst/ex_mem_alu_result[29]_i_1/O, and core_inst/id_ex_reg_inst/ex_mem_alu_result[29]_i_2/O.
ERROR: [DRC MDRV-1] Multiple Driver Nets: Net core_inst/id_ex_reg_inst/UNCONN_OUT_10 has multiple drivers: core_inst/id_ex_reg_inst/ex_mem_alu_result[20]_i_1/O, and core_inst/id_ex_reg_inst/ex_mem_alu_result[20]_i_2/O.
ERROR: [DRC MDRV-1] Multiple Driver Nets: Net core_inst/id_ex_reg_inst/UNCONN_OUT_11 has multiple drivers: core_inst/id_ex_reg_inst/ex_mem_alu_result[19]_i_1/O, and core_inst/id_ex_reg_inst/ex_mem_alu_result[19]_i_2/O.
ERROR: [DRC MDRV-1] Multiple Driver Nets: Net core_inst/id_ex_reg_inst/UNCONN_OUT_12 has multiple drivers: core_inst/id_ex_reg_inst/ex_mem_alu_result[18]_i_1/O, and core_inst/id_ex_reg_inst/ex_mem_alu_result[18]_i_2/O.
ERROR: [DRC MDRV-1] Multiple Driver Nets: Net core_inst/id_ex_reg_inst/UNCONN_OUT_13 has multiple drivers: core_inst/id_ex_reg_inst/ex_mem_alu_result[17]_i_1/O, and core_inst/id_ex_reg_inst/ex_mem_alu_result[17]_i_2/O.
ERROR: [DRC MDRV-1] Multiple Driver Nets: Net core_inst/id_ex_reg_inst/UNCONN_OUT_14 has multiple drivers: core_inst/id_ex_reg_inst/ex_mem_alu_result[16]_i_1/O, and core_inst/id_ex_reg_inst/ex_mem_alu_result[16]_i_2/O.
ERROR: [DRC MDRV-1] Multiple Driver Nets: Net core_inst/id_ex_reg_inst/UNCONN_OUT_15 has multiple drivers: core_inst/id_ex_reg_inst/ex_mem_alu_result[15]_i_1/O, and core_inst/id_ex_reg_inst/ex_mem_alu_result[15]_i_2/O.
ERROR: [DRC MDRV-1] Multiple Driver Nets: Net core_inst/id_ex_reg_inst/UNCONN_OUT_16 has multiple drivers: core_inst/id_ex_reg_inst/ex_mem_alu_result[14]_i_1/O, and core_inst/id_ex_reg_inst/ex_mem_alu_result[14]_i_2/O.
ERROR: [DRC MDRV-1] Multiple Driver Nets: Net core_inst/id_ex_reg_inst/UNCONN_OUT_17 has multiple drivers: core_inst/id_ex_reg_inst/ex_mem_alu_result[13]_i_1/O, and core_inst/id_ex_reg_inst/ex_mem_alu_result[13]_i_2/O.
ERROR: [DRC MDRV-1] Multiple Driver Nets: Net core_inst/id_ex_reg_inst/UNCONN_OUT_18 has multiple drivers: core_inst/id_ex_reg_inst/ex_mem_alu_result[12]_i_1/O, and core_inst/id_ex_reg_inst/ex_mem_alu_result[12]_i_2/O.
ERROR: [DRC MDRV-1] Multiple Driver Nets: Net core_inst/id_ex_reg_inst/UNCONN_OUT_19 has multiple drivers: core_inst/id_ex_reg_inst/ex_mem_alu_result[11]_i_1/O, and core_inst/id_ex_reg_inst/ex_mem_alu_result[11]_i_2/O.
ERROR: [DRC MDRV-1] Multiple Driver Nets: Net core_inst/id_ex_reg_inst/UNCONN_OUT_2 has multiple drivers: core_inst/id_ex_reg_inst/ex_mem_alu_result[28]_i_1/O, and core_inst/id_ex_reg_inst/ex_mem_alu_result[28]_i_2/O.
ERROR: [DRC MDRV-1] Multiple Driver Nets: Net core_inst/id_ex_reg_inst/UNCONN_OUT_20 has multiple drivers: core_inst/id_ex_reg_inst/ex_mem_alu_result[10]_i_1/O, and core_inst/id_ex_reg_inst/ex_mem_alu_result[10]_i_2/O.
ERROR: [DRC MDRV-1] Multiple Driver Nets: Net core_inst/id_ex_reg_inst/UNCONN_OUT_21 has multiple drivers: core_inst/id_ex_reg_inst/ex_mem_alu_result[9]_i_1/O, and core_inst/id_ex_reg_inst/ex_mem_alu_result[9]_i_2/O.
ERROR: [DRC MDRV-1] Multiple Driver Nets: Net core_inst/id_ex_reg_inst/UNCONN_OUT_22 has multiple drivers: core_inst/id_ex_reg_inst/ex_mem_alu_result[8]_i_1/O, and core_inst/id_ex_reg_inst/ex_mem_alu_result[8]_i_2/O.
ERROR: [DRC MDRV-1] Multiple Driver Nets: Net core_inst/id_ex_reg_inst/UNCONN_OUT_23 has multiple drivers: core_inst/id_ex_reg_inst/ex_mem_alu_result[7]_i_1/O, and core_inst/id_ex_reg_inst/ex_mem_alu_result[7]_i_2/O.
ERROR: [DRC MDRV-1] Multiple Driver Nets: Net core_inst/id_ex_reg_inst/UNCONN_OUT_24 has multiple drivers: core_inst/id_ex_reg_inst/ex_mem_alu_result[6]_i_1/O, and core_inst/id_ex_reg_inst/ex_mem_alu_result[6]_i_2/O.
ERROR: [DRC MDRV-1] Multiple Driver Nets: Net core_inst/id_ex_reg_inst/UNCONN_OUT_25 has multiple drivers: core_inst/id_ex_reg_inst/ex_mem_alu_result[5]_i_1/O, and core_inst/id_ex_reg_inst/ex_mem_alu_result[5]_i_2/O.
ERROR: [DRC MDRV-1] Multiple Driver Nets: Net core_inst/id_ex_reg_inst/UNCONN_OUT_26 has multiple drivers: core_inst/id_ex_reg_inst/ex_mem_alu_result[4]_i_1/O, and core_inst/id_ex_reg_inst/ex_mem_alu_result[4]_i_2/O.
ERROR: [DRC MDRV-1] Multiple Driver Nets: Net core_inst/id_ex_reg_inst/UNCONN_OUT_27 has multiple drivers: core_inst/id_ex_reg_inst/ex_mem_alu_result[3]_i_1/O, and core_inst/id_ex_reg_inst/ex_mem_alu_result[3]_i_2/O.
ERROR: [DRC MDRV-1] Multiple Driver Nets: Net core_inst/id_ex_reg_inst/UNCONN_OUT_28 has multiple drivers: core_inst/id_ex_reg_inst/ex_mem_alu_result[2]_i_1/O, and core_inst/id_ex_reg_inst/ex_mem_alu_result[2]_i_2/O.
ERROR: [DRC MDRV-1] Multiple Driver Nets: Net core_inst/id_ex_reg_inst/UNCONN_OUT_29 has multiple drivers: core_inst/id_ex_reg_inst/ex_mem_alu_result[1]_i_1/O, and core_inst/id_ex_reg_inst/ex_mem_alu_result[1]_i_2/O.
ERROR: [DRC MDRV-1] Multiple Driver Nets: Net core_inst/id_ex_reg_inst/UNCONN_OUT_3 has multiple drivers: core_inst/id_ex_reg_inst/ex_mem_alu_result[27]_i_1/O, and core_inst/id_ex_reg_inst/ex_mem_alu_result[27]_i_2/O.
ERROR: [DRC MDRV-1] Multiple Driver Nets: Net core_inst/id_ex_reg_inst/UNCONN_OUT_30 has multiple drivers: core_inst/id_ex_reg_inst/ex_mem_alu_result[0]_i_1/O, and core_inst/id_ex_reg_inst/ex_mem_alu_result[0]_i_2/O.
ERROR: [DRC MDRV-1] Multiple Driver Nets: Net core_inst/id_ex_reg_inst/UNCONN_OUT_4 has multiple drivers: core_inst/id_ex_reg_inst/ex_mem_alu_result[26]_i_1/O, and core_inst/id_ex_reg_inst/ex_mem_alu_result[26]_i_2/O.
ERROR: [DRC MDRV-1] Multiple Driver Nets: Net core_inst/id_ex_reg_inst/UNCONN_OUT_5 has multiple drivers: core_inst/id_ex_reg_inst/ex_mem_alu_result[25]_i_1/O, and core_inst/id_ex_reg_inst/ex_mem_alu_result[25]_i_2/O.
ERROR: [DRC MDRV-1] Multiple Driver Nets: Net core_inst/id_ex_reg_inst/UNCONN_OUT_6 has multiple drivers: core_inst/id_ex_reg_inst/ex_mem_alu_result[24]_i_1/O, and core_inst/id_ex_reg_inst/ex_mem_alu_result[24]_i_2/O.
ERROR: [DRC MDRV-1] Multiple Driver Nets: Net core_inst/id_ex_reg_inst/UNCONN_OUT_7 has multiple drivers: core_inst/id_ex_reg_inst/ex_mem_alu_result[23]_i_1/O, and core_inst/id_ex_reg_inst/ex_mem_alu_result[23]_i_2/O.
ERROR: [DRC MDRV-1] Multiple Driver Nets: Net core_inst/id_ex_reg_inst/UNCONN_OUT_8 has multiple drivers: core_inst/id_ex_reg_inst/ex_mem_alu_result[22]_i_1/O, and core_inst/id_ex_reg_inst/ex_mem_alu_result[22]_i_2/O.
ERROR: [DRC MDRV-1] Multiple Driver Nets: Net core_inst/id_ex_reg_inst/UNCONN_OUT_9 has multiple drivers: core_inst/id_ex_reg_inst/ex_mem_alu_result[21]_i_1/O, and core_inst/id_ex_reg_inst/ex_mem_alu_result[21]_i_2/O.
INFO: [Project 1-461] DRC finished with 32 Errors
INFO: [Project 1-462] Please refer to the DRC report (report_drc) for more information.
ERROR: [Vivado_Tcl 4-78] Error(s) found during DRC. Opt_design not run.

Time (s): cpu = 00:00:00.79 ; elapsed = 00:00:00.24 . Memory (MB): peak = 2439.836 ; gain = 5.938 ; free physical = 4902 ; free virtual = 17777
INFO: [Common 17-83] Releasing license: Implementation
5 Infos, 0 Warnings, 0 Critical Warnings and 33 Errors encountered.
opt_design failed
ERROR: [Common 17-39] 'opt_design' failed due to earlier errors.

    while executing
"opt_design"
    (file "build.tcl" line 51)
INFO: [Common 17-206] Exiting Vivado at Sun Feb 23 01:32:14 2025...
